{"/workspaces/fst/backend/src/api/routes.ts": {"path":"/workspaces/fst/backend/src/api/routes.ts","statementMap":{"0":{"start":{"line":1,"column":0},"end":{"line":1,"column":33}},"1":{"start":{"line":2,"column":0},"end":{"line":2,"column":32}},"2":{"start":{"line":4,"column":15},"end":{"line":4,"column":23}},"3":{"start":{"line":6,"column":0},"end":{"line":6,"column":22}},"4":{"start":{"line":8,"column":0},"end":{"line":8,"column":22}}},"fnMap":{},"branchMap":{},"s":{"0":2,"1":2,"2":2,"3":2,"4":2},"f":{},"b":{}}
,"/workspaces/fst/backend/src/api/v1/auth.ts": {"path":"/workspaces/fst/backend/src/api/v1/auth.ts","statementMap":{"0":{"start":{"line":1,"column":0},"end":{"line":1,"column":52}},"1":{"start":{"line":7,"column":0},"end":{"line":7,"column":53}},"2":{"start":{"line":9,"column":15},"end":{"line":9,"column":23}},"3":{"start":{"line":10,"column":16},"end":{"line":10,"column":29}},"4":{"start":{"line":72,"column":0},"end":{"line":81,"column":3}},"5":{"start":{"line":73,"column":26},"end":{"line":73,"column":60}},"6":{"start":{"line":75,"column":2},"end":{"line":78,"column":3}},"7":{"start":{"line":76,"column":4},"end":{"line":76,"column":47}},"8":{"start":{"line":77,"column":4},"end":{"line":77,"column":11}},"9":{"start":{"line":79,"column":2},"end":{"line":79,"column":29}},"10":{"start":{"line":80,"column":2},"end":{"line":80,"column":9}},"11":{"start":{"line":126,"column":0},"end":{"line":135,"column":3}},"12":{"start":{"line":127,"column":26},"end":{"line":127,"column":60}},"13":{"start":{"line":129,"column":2},"end":{"line":132,"column":3}},"14":{"start":{"line":130,"column":4},"end":{"line":130,"column":47}},"15":{"start":{"line":131,"column":4},"end":{"line":131,"column":11}},"16":{"start":{"line":133,"column":2},"end":{"line":133,"column":29}},"17":{"start":{"line":134,"column":2},"end":{"line":134,"column":9}},"18":{"start":{"line":181,"column":0},"end":{"line":184,"column":3}},"19":{"start":{"line":182,"column":2},"end":{"line":182,"column":29}},"20":{"start":{"line":183,"column":2},"end":{"line":183,"column":9}},"21":{"start":{"line":186,"column":0},"end":{"line":186,"column":22}}},"fnMap":{"0":{"name":"(anonymous_0)","decl":{"start":{"line":72,"column":25},"end":{"line":72,"column":30}},"loc":{"start":{"line":72,"column":63},"end":{"line":81,"column":1}}},"1":{"name":"(anonymous_1)","decl":{"start":{"line":126,"column":22},"end":{"line":126,"column":27}},"loc":{"start":{"line":126,"column":60},"end":{"line":135,"column":1}}},"2":{"name":"(anonymous_2)","decl":{"start":{"line":181,"column":31},"end":{"line":181,"column":36}},"loc":{"start":{"line":181,"column":69},"end":{"line":184,"column":1}}}},"branchMap":{"0":{"loc":{"start":{"line":75,"column":2},"end":{"line":78,"column":3}},"type":"if","locations":[{"start":{"line":75,"column":2},"end":{"line":78,"column":3}}]},"1":{"loc":{"start":{"line":129,"column":2},"end":{"line":132,"column":3}},"type":"if","locations":[{"start":{"line":129,"column":2},"end":{"line":132,"column":3}}]}},"s":{"0":2,"1":2,"2":2,"3":2,"4":2,"5":0,"6":0,"7":0,"8":0,"9":0,"10":0,"11":2,"12":0,"13":0,"14":0,"15":0,"16":0,"17":0,"18":2,"19":0,"20":0,"21":2},"f":{"0":0,"1":0,"2":0},"b":{"0":[0],"1":[0]}}
,"/workspaces/fst/backend/src/api/v1/policies.ts": {"path":"/workspaces/fst/backend/src/api/v1/policies.ts","statementMap":{"0":{"start":{"line":1,"column":0},"end":{"line":1,"column":52}},"1":{"start":{"line":2,"column":0},"end":{"line":2,"column":44}},"2":{"start":{"line":3,"column":0},"end":{"line":3,"column":57}},"3":{"start":{"line":5,"column":15},"end":{"line":5,"column":23}},"4":{"start":{"line":6,"column":16},"end":{"line":6,"column":31}},"5":{"start":{"line":7,"column":21},"end":{"line":7,"column":34}},"6":{"start":{"line":37,"column":0},"end":{"line":46,"column":3}},"7":{"start":{"line":38,"column":26},"end":{"line":38,"column":56}},"8":{"start":{"line":40,"column":2},"end":{"line":43,"column":3}},"9":{"start":{"line":41,"column":4},"end":{"line":41,"column":47}},"10":{"start":{"line":42,"column":4},"end":{"line":42,"column":11}},"11":{"start":{"line":44,"column":2},"end":{"line":44,"column":29}},"12":{"start":{"line":45,"column":2},"end":{"line":45,"column":9}},"13":{"start":{"line":88,"column":0},"end":{"line":97,"column":3}},"14":{"start":{"line":89,"column":26},"end":{"line":89,"column":57}},"15":{"start":{"line":91,"column":2},"end":{"line":94,"column":3}},"16":{"start":{"line":92,"column":4},"end":{"line":92,"column":47}},"17":{"start":{"line":93,"column":4},"end":{"line":93,"column":11}},"18":{"start":{"line":95,"column":2},"end":{"line":95,"column":29}},"19":{"start":{"line":96,"column":2},"end":{"line":96,"column":9}},"20":{"start":{"line":128,"column":0},"end":{"line":144,"column":3}},"21":{"start":{"line":129,"column":2},"end":{"line":143,"column":3}},"22":{"start":{"line":130,"column":21},"end":{"line":130,"column":40}},"23":{"start":{"line":132,"column":28},"end":{"line":132,"column":65}},"24":{"start":{"line":134,"column":4},"end":{"line":137,"column":5}},"25":{"start":{"line":135,"column":6},"end":{"line":135,"column":49}},"26":{"start":{"line":136,"column":6},"end":{"line":136,"column":13}},"27":{"start":{"line":138,"column":4},"end":{"line":138,"column":31}},"28":{"start":{"line":139,"column":4},"end":{"line":139,"column":11}},"29":{"start":{"line":141,"column":4},"end":{"line":141,"column":53}},"30":{"start":{"line":142,"column":4},"end":{"line":142,"column":62}},"31":{"start":{"line":195,"column":0},"end":{"line":209,"column":3}},"32":{"start":{"line":196,"column":2},"end":{"line":208,"column":3}},"33":{"start":{"line":197,"column":21},"end":{"line":197,"column":40}},"34":{"start":{"line":198,"column":28},"end":{"line":198,"column":78}},"35":{"start":{"line":199,"column":4},"end":{"line":202,"column":5}},"36":{"start":{"line":200,"column":6},"end":{"line":200,"column":49}},"37":{"start":{"line":201,"column":6},"end":{"line":201,"column":13}},"38":{"start":{"line":203,"column":4},"end":{"line":203,"column":31}},"39":{"start":{"line":204,"column":4},"end":{"line":204,"column":11}},"40":{"start":{"line":206,"column":4},"end":{"line":206,"column":53}},"41":{"start":{"line":207,"column":4},"end":{"line":207,"column":65}},"42":{"start":{"line":237,"column":0},"end":{"line":251,"column":3}},"43":{"start":{"line":238,"column":2},"end":{"line":250,"column":3}},"44":{"start":{"line":239,"column":21},"end":{"line":239,"column":40}},"45":{"start":{"line":240,"column":28},"end":{"line":240,"column":68}},"46":{"start":{"line":241,"column":4},"end":{"line":244,"column":5}},"47":{"start":{"line":242,"column":6},"end":{"line":242,"column":49}},"48":{"start":{"line":243,"column":6},"end":{"line":243,"column":13}},"49":{"start":{"line":245,"column":4},"end":{"line":245,"column":31}},"50":{"start":{"line":246,"column":4},"end":{"line":246,"column":11}},"51":{"start":{"line":248,"column":4},"end":{"line":248,"column":53}},"52":{"start":{"line":249,"column":4},"end":{"line":249,"column":65}},"53":{"start":{"line":253,"column":0},"end":{"line":253,"column":22}}},"fnMap":{"0":{"name":"(anonymous_0)","decl":{"start":{"line":37,"column":16},"end":{"line":37,"column":21}},"loc":{"start":{"line":37,"column":54},"end":{"line":46,"column":1}}},"1":{"name":"(anonymous_1)","decl":{"start":{"line":88,"column":17},"end":{"line":88,"column":22}},"loc":{"start":{"line":88,"column":55},"end":{"line":97,"column":1}}},"2":{"name":"(anonymous_2)","decl":{"start":{"line":128,"column":25},"end":{"line":128,"column":30}},"loc":{"start":{"line":128,"column":63},"end":{"line":144,"column":1}}},"3":{"name":"(anonymous_3)","decl":{"start":{"line":195,"column":25},"end":{"line":195,"column":30}},"loc":{"start":{"line":195,"column":63},"end":{"line":209,"column":1}}},"4":{"name":"(anonymous_4)","decl":{"start":{"line":237,"column":28},"end":{"line":237,"column":33}},"loc":{"start":{"line":237,"column":66},"end":{"line":251,"column":1}}}},"branchMap":{"0":{"loc":{"start":{"line":40,"column":2},"end":{"line":43,"column":3}},"type":"if","locations":[{"start":{"line":40,"column":2},"end":{"line":43,"column":3}}]},"1":{"loc":{"start":{"line":91,"column":2},"end":{"line":94,"column":3}},"type":"if","locations":[{"start":{"line":91,"column":2},"end":{"line":94,"column":3}}]},"2":{"loc":{"start":{"line":134,"column":4},"end":{"line":137,"column":5}},"type":"if","locations":[{"start":{"line":134,"column":4},"end":{"line":137,"column":5}}]},"3":{"loc":{"start":{"line":199,"column":4},"end":{"line":202,"column":5}},"type":"if","locations":[{"start":{"line":199,"column":4},"end":{"line":202,"column":5}}]},"4":{"loc":{"start":{"line":241,"column":4},"end":{"line":244,"column":5}},"type":"if","locations":[{"start":{"line":241,"column":4},"end":{"line":244,"column":5}}]}},"s":{"0":2,"1":2,"2":2,"3":2,"4":2,"5":2,"6":2,"7":0,"8":0,"9":0,"10":0,"11":0,"12":0,"13":2,"14":0,"15":0,"16":0,"17":0,"18":0,"19":0,"20":2,"21":0,"22":0,"23":0,"24":0,"25":0,"26":0,"27":0,"28":0,"29":0,"30":0,"31":2,"32":0,"33":0,"34":0,"35":0,"36":0,"37":0,"38":0,"39":0,"40":0,"41":0,"42":2,"43":0,"44":0,"45":0,"46":0,"47":0,"48":0,"49":0,"50":0,"51":0,"52":0,"53":2},"f":{"0":0,"1":0,"2":0,"3":0,"4":0},"b":{"0":[0],"1":[0],"2":[0],"3":[0],"4":[0]}}
,"/workspaces/fst/backend/src/api/v1/roles.ts": {"path":"/workspaces/fst/backend/src/api/v1/roles.ts","statementMap":{"0":{"start":{"line":1,"column":0},"end":{"line":1,"column":52}},"1":{"start":{"line":2,"column":0},"end":{"line":2,"column":44}},"2":{"start":{"line":3,"column":0},"end":{"line":3,"column":53}},"3":{"start":{"line":4,"column":0},"end":{"line":4,"column":66}},"4":{"start":{"line":6,"column":15},"end":{"line":6,"column":23}},"5":{"start":{"line":7,"column":16},"end":{"line":7,"column":29}},"6":{"start":{"line":8,"column":21},"end":{"line":8,"column":34}},"7":{"start":{"line":38,"column":0},"end":{"line":47,"column":3}},"8":{"start":{"line":39,"column":26},"end":{"line":39,"column":53}},"9":{"start":{"line":41,"column":2},"end":{"line":44,"column":3}},"10":{"start":{"line":42,"column":4},"end":{"line":42,"column":47}},"11":{"start":{"line":43,"column":4},"end":{"line":43,"column":11}},"12":{"start":{"line":45,"column":2},"end":{"line":45,"column":29}},"13":{"start":{"line":46,"column":2},"end":{"line":46,"column":9}},"14":{"start":{"line":89,"column":0},"end":{"line":98,"column":3}},"15":{"start":{"line":90,"column":26},"end":{"line":90,"column":55}},"16":{"start":{"line":92,"column":2},"end":{"line":95,"column":3}},"17":{"start":{"line":93,"column":4},"end":{"line":93,"column":47}},"18":{"start":{"line":94,"column":4},"end":{"line":94,"column":11}},"19":{"start":{"line":96,"column":2},"end":{"line":96,"column":29}},"20":{"start":{"line":97,"column":2},"end":{"line":97,"column":9}},"21":{"start":{"line":129,"column":0},"end":{"line":145,"column":3}},"22":{"start":{"line":130,"column":2},"end":{"line":144,"column":3}},"23":{"start":{"line":131,"column":19},"end":{"line":131,"column":36}},"24":{"start":{"line":133,"column":28},"end":{"line":133,"column":61}},"25":{"start":{"line":135,"column":4},"end":{"line":138,"column":5}},"26":{"start":{"line":136,"column":6},"end":{"line":136,"column":49}},"27":{"start":{"line":137,"column":6},"end":{"line":137,"column":13}},"28":{"start":{"line":139,"column":4},"end":{"line":139,"column":31}},"29":{"start":{"line":140,"column":4},"end":{"line":140,"column":11}},"30":{"start":{"line":142,"column":4},"end":{"line":142,"column":53}},"31":{"start":{"line":143,"column":4},"end":{"line":143,"column":60}},"32":{"start":{"line":196,"column":0},"end":{"line":210,"column":3}},"33":{"start":{"line":197,"column":2},"end":{"line":209,"column":3}},"34":{"start":{"line":198,"column":19},"end":{"line":198,"column":36}},"35":{"start":{"line":199,"column":28},"end":{"line":199,"column":74}},"36":{"start":{"line":200,"column":4},"end":{"line":203,"column":5}},"37":{"start":{"line":201,"column":6},"end":{"line":201,"column":49}},"38":{"start":{"line":202,"column":6},"end":{"line":202,"column":13}},"39":{"start":{"line":204,"column":4},"end":{"line":204,"column":31}},"40":{"start":{"line":205,"column":4},"end":{"line":205,"column":11}},"41":{"start":{"line":207,"column":4},"end":{"line":207,"column":53}},"42":{"start":{"line":208,"column":4},"end":{"line":208,"column":63}},"43":{"start":{"line":238,"column":0},"end":{"line":252,"column":3}},"44":{"start":{"line":239,"column":2},"end":{"line":251,"column":3}},"45":{"start":{"line":240,"column":19},"end":{"line":240,"column":36}},"46":{"start":{"line":241,"column":28},"end":{"line":241,"column":64}},"47":{"start":{"line":242,"column":4},"end":{"line":245,"column":5}},"48":{"start":{"line":243,"column":6},"end":{"line":243,"column":49}},"49":{"start":{"line":244,"column":6},"end":{"line":244,"column":13}},"50":{"start":{"line":246,"column":4},"end":{"line":246,"column":31}},"51":{"start":{"line":247,"column":4},"end":{"line":247,"column":11}},"52":{"start":{"line":249,"column":4},"end":{"line":249,"column":53}},"53":{"start":{"line":250,"column":4},"end":{"line":250,"column":63}},"54":{"start":{"line":311,"column":0},"end":{"line":322,"column":3}},"55":{"start":{"line":312,"column":17},"end":{"line":312,"column":34}},"56":{"start":{"line":313,"column":31},"end":{"line":313,"column":50}},"57":{"start":{"line":315,"column":26},"end":{"line":315,"column":66}},"58":{"start":{"line":316,"column":2},"end":{"line":319,"column":3}},"59":{"start":{"line":317,"column":4},"end":{"line":317,"column":47}},"60":{"start":{"line":318,"column":4},"end":{"line":318,"column":11}},"61":{"start":{"line":320,"column":2},"end":{"line":320,"column":29}},"62":{"start":{"line":321,"column":2},"end":{"line":321,"column":9}},"63":{"start":{"line":356,"column":0},"end":{"line":376,"column":2}},"64":{"start":{"line":359,"column":4},"end":{"line":374,"column":5}},"65":{"start":{"line":360,"column":21},"end":{"line":360,"column":38}},"66":{"start":{"line":361,"column":23},"end":{"line":361,"column":42}},"67":{"start":{"line":362,"column":35},"end":{"line":362,"column":54}},"68":{"start":{"line":364,"column":30},"end":{"line":364,"column":70}},"69":{"start":{"line":365,"column":6},"end":{"line":368,"column":7}},"70":{"start":{"line":366,"column":8},"end":{"line":366,"column":51}},"71":{"start":{"line":367,"column":8},"end":{"line":367,"column":15}},"72":{"start":{"line":369,"column":6},"end":{"line":369,"column":33}},"73":{"start":{"line":370,"column":6},"end":{"line":370,"column":13}},"74":{"start":{"line":372,"column":6},"end":{"line":372,"column":55}},"75":{"start":{"line":373,"column":6},"end":{"line":373,"column":72}},"76":{"start":{"line":378,"column":0},"end":{"line":378,"column":22}}},"fnMap":{"0":{"name":"(anonymous_0)","decl":{"start":{"line":38,"column":16},"end":{"line":38,"column":21}},"loc":{"start":{"line":38,"column":54},"end":{"line":47,"column":1}}},"1":{"name":"(anonymous_1)","decl":{"start":{"line":89,"column":17},"end":{"line":89,"column":22}},"loc":{"start":{"line":89,"column":55},"end":{"line":98,"column":1}}},"2":{"name":"(anonymous_2)","decl":{"start":{"line":129,"column":23},"end":{"line":129,"column":28}},"loc":{"start":{"line":129,"column":61},"end":{"line":145,"column":1}}},"3":{"name":"(anonymous_3)","decl":{"start":{"line":196,"column":23},"end":{"line":196,"column":28}},"loc":{"start":{"line":196,"column":61},"end":{"line":210,"column":1}}},"4":{"name":"(anonymous_4)","decl":{"start":{"line":238,"column":26},"end":{"line":238,"column":31}},"loc":{"start":{"line":238,"column":64},"end":{"line":252,"column":1}}},"5":{"name":"(anonymous_5)","decl":{"start":{"line":311,"column":33},"end":{"line":311,"column":38}},"loc":{"start":{"line":311,"column":71},"end":{"line":322,"column":1}}},"6":{"name":"(anonymous_6)","decl":{"start":{"line":358,"column":2},"end":{"line":358,"column":7}},"loc":{"start":{"line":358,"column":40},"end":{"line":375,"column":3}}}},"branchMap":{"0":{"loc":{"start":{"line":41,"column":2},"end":{"line":44,"column":3}},"type":"if","locations":[{"start":{"line":41,"column":2},"end":{"line":44,"column":3}}]},"1":{"loc":{"start":{"line":92,"column":2},"end":{"line":95,"column":3}},"type":"if","locations":[{"start":{"line":92,"column":2},"end":{"line":95,"column":3}}]},"2":{"loc":{"start":{"line":135,"column":4},"end":{"line":138,"column":5}},"type":"if","locations":[{"start":{"line":135,"column":4},"end":{"line":138,"column":5}}]},"3":{"loc":{"start":{"line":200,"column":4},"end":{"line":203,"column":5}},"type":"if","locations":[{"start":{"line":200,"column":4},"end":{"line":203,"column":5}}]},"4":{"loc":{"start":{"line":242,"column":4},"end":{"line":245,"column":5}},"type":"if","locations":[{"start":{"line":242,"column":4},"end":{"line":245,"column":5}}]},"5":{"loc":{"start":{"line":316,"column":2},"end":{"line":319,"column":3}},"type":"if","locations":[{"start":{"line":316,"column":2},"end":{"line":319,"column":3}}]},"6":{"loc":{"start":{"line":365,"column":6},"end":{"line":368,"column":7}},"type":"if","locations":[{"start":{"line":365,"column":6},"end":{"line":368,"column":7}}]}},"s":{"0":2,"1":2,"2":2,"3":2,"4":2,"5":2,"6":2,"7":2,"8":2,"9":2,"10":0,"11":0,"12":2,"13":2,"14":2,"15":0,"16":0,"17":0,"18":0,"19":0,"20":0,"21":2,"22":0,"23":0,"24":0,"25":0,"26":0,"27":0,"28":0,"29":0,"30":0,"31":0,"32":2,"33":0,"34":0,"35":0,"36":0,"37":0,"38":0,"39":0,"40":0,"41":0,"42":0,"43":2,"44":0,"45":0,"46":0,"47":0,"48":0,"49":0,"50":0,"51":0,"52":0,"53":0,"54":2,"55":0,"56":0,"57":0,"58":0,"59":0,"60":0,"61":0,"62":0,"63":2,"64":0,"65":0,"66":0,"67":0,"68":0,"69":0,"70":0,"71":0,"72":0,"73":0,"74":0,"75":0,"76":2},"f":{"0":2,"1":0,"2":0,"3":0,"4":0,"5":0,"6":0},"b":{"0":[0],"1":[0],"2":[0],"3":[0],"4":[0],"5":[0],"6":[0]}}
,"/workspaces/fst/backend/src/api/v1/routes.ts": {"path":"/workspaces/fst/backend/src/api/v1/routes.ts","statementMap":{"0":{"start":{"line":1,"column":0},"end":{"line":1,"column":33}},"1":{"start":{"line":2,"column":0},"end":{"line":2,"column":57}},"2":{"start":{"line":3,"column":0},"end":{"line":3,"column":32}},"3":{"start":{"line":4,"column":0},"end":{"line":4,"column":34}},"4":{"start":{"line":5,"column":0},"end":{"line":5,"column":34}},"5":{"start":{"line":6,"column":0},"end":{"line":6,"column":40}},"6":{"start":{"line":7,"column":0},"end":{"line":7,"column":36}},"7":{"start":{"line":8,"column":0},"end":{"line":8,"column":41}},"8":{"start":{"line":9,"column":0},"end":{"line":9,"column":43}},"9":{"start":{"line":10,"column":0},"end":{"line":10,"column":51}},"10":{"start":{"line":12,"column":15},"end":{"line":12,"column":23}},"11":{"start":{"line":15,"column":20},"end":{"line":15,"column":48}},"12":{"start":{"line":17,"column":0},"end":{"line":21,"column":2}},"13":{"start":{"line":22,"column":0},"end":{"line":22,"column":26}},"14":{"start":{"line":23,"column":0},"end":{"line":23,"column":47}},"15":{"start":{"line":24,"column":0},"end":{"line":24,"column":41}},"16":{"start":{"line":25,"column":0},"end":{"line":25,"column":30}},"17":{"start":{"line":26,"column":0},"end":{"line":26,"column":41}},"18":{"start":{"line":28,"column":0},"end":{"line":28,"column":22}}},"fnMap":{},"branchMap":{},"s":{"0":2,"1":2,"2":2,"3":2,"4":2,"5":2,"6":2,"7":2,"8":2,"9":2,"10":2,"11":2,"12":2,"13":2,"14":2,"15":2,"16":2,"17":2,"18":2},"f":{},"b":{}}
,"/workspaces/fst/backend/src/api/v1/status.ts": {"path":"/workspaces/fst/backend/src/api/v1/status.ts","statementMap":{"0":{"start":{"line":1,"column":0},"end":{"line":1,"column":52}},"1":{"start":{"line":3,"column":15},"end":{"line":3,"column":23}},"2":{"start":{"line":30,"column":0},"end":{"line":36,"column":3}},"3":{"start":{"line":31,"column":2},"end":{"line":34,"column":5}},"4":{"start":{"line":35,"column":2},"end":{"line":35,"column":9}},"5":{"start":{"line":38,"column":0},"end":{"line":38,"column":22}}},"fnMap":{"0":{"name":"(anonymous_0)","decl":{"start":{"line":30,"column":16},"end":{"line":30,"column":17}},"loc":{"start":{"line":30,"column":48},"end":{"line":36,"column":1}}}},"branchMap":{},"s":{"0":2,"1":2,"2":2,"3":1,"4":1,"5":2},"f":{"0":1},"b":{}}
,"/workspaces/fst/backend/src/api/v1/users.ts": {"path":"/workspaces/fst/backend/src/api/v1/users.ts","statementMap":{"0":{"start":{"line":1,"column":0},"end":{"line":1,"column":52}},"1":{"start":{"line":2,"column":0},"end":{"line":2,"column":44}},"2":{"start":{"line":3,"column":0},"end":{"line":3,"column":53}},"3":{"start":{"line":4,"column":0},"end":{"line":4,"column":47}},"4":{"start":{"line":5,"column":0},"end":{"line":5,"column":62}},"5":{"start":{"line":7,"column":15},"end":{"line":7,"column":23}},"6":{"start":{"line":8,"column":16},"end":{"line":8,"column":29}},"7":{"start":{"line":9,"column":21},"end":{"line":9,"column":34}},"8":{"start":{"line":39,"column":0},"end":{"line":52,"column":2}},"9":{"start":{"line":43,"column":28},"end":{"line":43,"column":55}},"10":{"start":{"line":45,"column":4},"end":{"line":48,"column":5}},"11":{"start":{"line":46,"column":6},"end":{"line":46,"column":49}},"12":{"start":{"line":47,"column":6},"end":{"line":47,"column":13}},"13":{"start":{"line":49,"column":4},"end":{"line":49,"column":31}},"14":{"start":{"line":50,"column":4},"end":{"line":50,"column":11}},"15":{"start":{"line":83,"column":0},"end":{"line":103,"column":2}},"16":{"start":{"line":87,"column":4},"end":{"line":101,"column":5}},"17":{"start":{"line":88,"column":21},"end":{"line":88,"column":38}},"18":{"start":{"line":90,"column":30},"end":{"line":90,"column":63}},"19":{"start":{"line":92,"column":6},"end":{"line":95,"column":7}},"20":{"start":{"line":93,"column":8},"end":{"line":93,"column":51}},"21":{"start":{"line":94,"column":8},"end":{"line":94,"column":15}},"22":{"start":{"line":96,"column":6},"end":{"line":96,"column":33}},"23":{"start":{"line":97,"column":6},"end":{"line":97,"column":13}},"24":{"start":{"line":99,"column":6},"end":{"line":99,"column":55}},"25":{"start":{"line":100,"column":6},"end":{"line":100,"column":62}},"26":{"start":{"line":159,"column":0},"end":{"line":177,"column":2}},"27":{"start":{"line":163,"column":4},"end":{"line":175,"column":5}},"28":{"start":{"line":164,"column":21},"end":{"line":164,"column":38}},"29":{"start":{"line":165,"column":30},"end":{"line":165,"column":76}},"30":{"start":{"line":166,"column":6},"end":{"line":169,"column":7}},"31":{"start":{"line":167,"column":8},"end":{"line":167,"column":51}},"32":{"start":{"line":168,"column":8},"end":{"line":168,"column":15}},"33":{"start":{"line":170,"column":6},"end":{"line":170,"column":33}},"34":{"start":{"line":171,"column":6},"end":{"line":171,"column":13}},"35":{"start":{"line":173,"column":6},"end":{"line":173,"column":55}},"36":{"start":{"line":174,"column":6},"end":{"line":174,"column":65}},"37":{"start":{"line":205,"column":0},"end":{"line":219,"column":3}},"38":{"start":{"line":206,"column":2},"end":{"line":218,"column":3}},"39":{"start":{"line":207,"column":19},"end":{"line":207,"column":36}},"40":{"start":{"line":208,"column":28},"end":{"line":208,"column":64}},"41":{"start":{"line":209,"column":4},"end":{"line":212,"column":5}},"42":{"start":{"line":210,"column":6},"end":{"line":210,"column":49}},"43":{"start":{"line":211,"column":6},"end":{"line":211,"column":13}},"44":{"start":{"line":213,"column":4},"end":{"line":213,"column":31}},"45":{"start":{"line":214,"column":4},"end":{"line":214,"column":11}},"46":{"start":{"line":216,"column":4},"end":{"line":216,"column":53}},"47":{"start":{"line":217,"column":4},"end":{"line":217,"column":63}},"48":{"start":{"line":278,"column":0},"end":{"line":293,"column":2}},"49":{"start":{"line":282,"column":19},"end":{"line":282,"column":36}},"50":{"start":{"line":283,"column":31},"end":{"line":283,"column":48}},"51":{"start":{"line":285,"column":28},"end":{"line":285,"column":66}},"52":{"start":{"line":286,"column":4},"end":{"line":289,"column":5}},"53":{"start":{"line":287,"column":6},"end":{"line":287,"column":49}},"54":{"start":{"line":288,"column":6},"end":{"line":288,"column":13}},"55":{"start":{"line":290,"column":4},"end":{"line":290,"column":31}},"56":{"start":{"line":291,"column":4},"end":{"line":291,"column":11}},"57":{"start":{"line":327,"column":0},"end":{"line":348,"column":2}},"58":{"start":{"line":331,"column":4},"end":{"line":346,"column":5}},"59":{"start":{"line":332,"column":21},"end":{"line":332,"column":38}},"60":{"start":{"line":333,"column":21},"end":{"line":333,"column":38}},"61":{"start":{"line":334,"column":33},"end":{"line":334,"column":50}},"62":{"start":{"line":336,"column":30},"end":{"line":336,"column":66}},"63":{"start":{"line":337,"column":6},"end":{"line":340,"column":7}},"64":{"start":{"line":338,"column":8},"end":{"line":338,"column":51}},"65":{"start":{"line":339,"column":8},"end":{"line":339,"column":15}},"66":{"start":{"line":341,"column":6},"end":{"line":341,"column":33}},"67":{"start":{"line":342,"column":6},"end":{"line":342,"column":13}},"68":{"start":{"line":344,"column":6},"end":{"line":344,"column":55}},"69":{"start":{"line":345,"column":6},"end":{"line":345,"column":70}},"70":{"start":{"line":350,"column":0},"end":{"line":350,"column":22}}},"fnMap":{"0":{"name":"(anonymous_1)","decl":{"start":{"line":42,"column":2},"end":{"line":42,"column":7}},"loc":{"start":{"line":42,"column":40},"end":{"line":51,"column":3}}},"1":{"name":"(anonymous_2)","decl":{"start":{"line":86,"column":2},"end":{"line":86,"column":7}},"loc":{"start":{"line":86,"column":40},"end":{"line":102,"column":3}}},"2":{"name":"(anonymous_3)","decl":{"start":{"line":162,"column":2},"end":{"line":162,"column":7}},"loc":{"start":{"line":162,"column":40},"end":{"line":176,"column":3}}},"3":{"name":"(anonymous_4)","decl":{"start":{"line":205,"column":26},"end":{"line":205,"column":31}},"loc":{"start":{"line":205,"column":64},"end":{"line":219,"column":1}}},"4":{"name":"(anonymous_5)","decl":{"start":{"line":281,"column":2},"end":{"line":281,"column":7}},"loc":{"start":{"line":281,"column":40},"end":{"line":292,"column":3}}},"5":{"name":"(anonymous_6)","decl":{"start":{"line":330,"column":2},"end":{"line":330,"column":7}},"loc":{"start":{"line":330,"column":40},"end":{"line":347,"column":3}}}},"branchMap":{"0":{"loc":{"start":{"line":45,"column":4},"end":{"line":48,"column":5}},"type":"if","locations":[{"start":{"line":45,"column":4},"end":{"line":48,"column":5}}]},"1":{"loc":{"start":{"line":92,"column":6},"end":{"line":95,"column":7}},"type":"if","locations":[{"start":{"line":92,"column":6},"end":{"line":95,"column":7}}]},"2":{"loc":{"start":{"line":166,"column":6},"end":{"line":169,"column":7}},"type":"if","locations":[{"start":{"line":166,"column":6},"end":{"line":169,"column":7}}]},"3":{"loc":{"start":{"line":209,"column":4},"end":{"line":212,"column":5}},"type":"if","locations":[{"start":{"line":209,"column":4},"end":{"line":212,"column":5}}]},"4":{"loc":{"start":{"line":286,"column":4},"end":{"line":289,"column":5}},"type":"if","locations":[{"start":{"line":286,"column":4},"end":{"line":289,"column":5}}]},"5":{"loc":{"start":{"line":337,"column":6},"end":{"line":340,"column":7}},"type":"if","locations":[{"start":{"line":337,"column":6},"end":{"line":340,"column":7}}]}},"s":{"0":2,"1":2,"2":2,"3":2,"4":2,"5":2,"6":2,"7":2,"8":2,"9":0,"10":0,"11":0,"12":0,"13":0,"14":0,"15":2,"16":0,"17":0,"18":0,"19":0,"20":0,"21":0,"22":0,"23":0,"24":0,"25":0,"26":2,"27":0,"28":0,"29":0,"30":0,"31":0,"32":0,"33":0,"34":0,"35":0,"36":0,"37":2,"38":0,"39":0,"40":0,"41":0,"42":0,"43":0,"44":0,"45":0,"46":0,"47":0,"48":2,"49":0,"50":0,"51":0,"52":0,"53":0,"54":0,"55":0,"56":0,"57":2,"58":0,"59":0,"60":0,"61":0,"62":0,"63":0,"64":0,"65":0,"66":0,"67":0,"68":0,"69":0,"70":2},"f":{"0":0,"1":0,"2":0,"3":0,"4":0,"5":0},"b":{"0":[0],"1":[0],"2":[0],"3":[0],"4":[0],"5":[0]}}
,"/workspaces/fst/backend/src/db/columns.helpers.ts": {"path":"/workspaces/fst/backend/src/db/columns.helpers.ts","statementMap":{"0":{"start":{"line":1,"column":0},"end":{"line":1,"column":43}},"1":{"start":{"line":2,"column":0},"end":{"line":2,"column":48}},"2":{"start":{"line":4,"column":13},"end":{"line":7,"column":2}},"3":{"start":{"line":9,"column":13},"end":{"line":12,"column":2}}},"fnMap":{},"branchMap":{},"s":{"0":2,"1":2,"2":2,"3":2},"f":{},"b":{}}
,"/workspaces/fst/backend/src/db/db.ts": {"path":"/workspaces/fst/backend/src/db/db.ts","statementMap":{"0":{"start":{"line":1,"column":0},"end":{"line":1,"column":28}},"1":{"start":{"line":2,"column":0},"end":{"line":2,"column":16}},"2":{"start":{"line":4,"column":0},"end":{"line":4,"column":50}},"3":{"start":{"line":5,"column":0},"end":{"line":5,"column":43}},"4":{"start":{"line":6,"column":0},"end":{"line":6,"column":32}},"5":{"start":{"line":8,"column":15},"end":{"line":8,"column":55}},"6":{"start":{"line":9,"column":13},"end":{"line":13,"column":3}}},"fnMap":{},"branchMap":{"0":{"loc":{"start":{"line":8,"column":24},"end":{"line":8,"column":54}},"type":"binary-expr","locations":[{"start":{"line":8,"column":24},"end":{"line":8,"column":48}},{"start":{"line":8,"column":52},"end":{"line":8,"column":54}}]}},"s":{"0":2,"1":2,"2":2,"3":2,"4":2,"5":2,"6":2},"f":{},"b":{"0":[2,0]}}
,"/workspaces/fst/backend/src/db/utils.ts": {"path":"/workspaces/fst/backend/src/db/utils.ts","statementMap":{"0":{"start":{"line":9,"column":0},"end":{"line":9,"column":7}},"1":{"start":{"line":4,"column":0},"end":{"line":4,"column":28}},"2":{"start":{"line":7,"column":19},"end":{"line":7,"column":20}},"3":{"start":{"line":16,"column":16},"end":{"line":16,"column":35}},"4":{"start":{"line":17,"column":16},"end":{"line":17,"column":40}},"5":{"start":{"line":18,"column":21},"end":{"line":18,"column":39}},"6":{"start":{"line":20,"column":2},"end":{"line":20,"column":47}},"7":{"start":{"line":20,"column":21},"end":{"line":20,"column":47}},"8":{"start":{"line":22,"column":17},"end":{"line":22,"column":57}},"9":{"start":{"line":24,"column":49},"end":{"line":38,"column":4}},"10":{"start":{"line":40,"column":2},"end":{"line":40,"column":17}},"11":{"start":{"line":49,"column":2},"end":{"line":49,"column":56}},"12":{"start":{"line":49,"column":44},"end":{"line":49,"column":56}},"13":{"start":{"line":50,"column":2},"end":{"line":50,"column":77}},"14":{"start":{"line":59,"column":2},"end":{"line":59,"column":34}},"15":{"start":{"line":59,"column":22},"end":{"line":59,"column":34}},"16":{"start":{"line":60,"column":2},"end":{"line":60,"column":77}}},"fnMap":{"0":{"name":"withPagination","decl":{"start":{"line":9,"column":22},"end":{"line":9,"column":36}},"loc":{"start":{"line":14,"column":14},"end":{"line":41,"column":1}}},"1":{"name":"generatePreviousPageLink","decl":{"start":{"line":43,"column":9},"end":{"line":43,"column":33}},"loc":{"start":{"line":47,"column":15},"end":{"line":51,"column":1}}},"2":{"name":"generateNextPageLink","decl":{"start":{"line":53,"column":9},"end":{"line":53,"column":29}},"loc":{"start":{"line":57,"column":15},"end":{"line":61,"column":1}}}},"branchMap":{"0":{"loc":{"start":{"line":12,"column":2},"end":{"line":12,"column":10}},"type":"default-arg","locations":[{"start":{"line":12,"column":9},"end":{"line":12,"column":10}}]},"1":{"loc":{"start":{"line":13,"column":2},"end":{"line":13,"column":12}},"type":"default-arg","locations":[{"start":{"line":13,"column":10},"end":{"line":13,"column":12}}]},"2":{"loc":{"start":{"line":20,"column":2},"end":{"line":20,"column":47}},"type":"if","locations":[{"start":{"line":20,"column":2},"end":{"line":20,"column":47}}]},"3":{"loc":{"start":{"line":49,"column":2},"end":{"line":49,"column":56}},"type":"if","locations":[{"start":{"line":49,"column":2},"end":{"line":49,"column":56}}]},"4":{"loc":{"start":{"line":49,"column":6},"end":{"line":49,"column":42}},"type":"binary-expr","locations":[{"start":{"line":49,"column":6},"end":{"line":49,"column":24}},{"start":{"line":49,"column":28},"end":{"line":49,"column":42}}]},"5":{"loc":{"start":{"line":59,"column":2},"end":{"line":59,"column":34}},"type":"if","locations":[{"start":{"line":59,"column":2},"end":{"line":59,"column":34}}]}},"s":{"0":2,"1":2,"2":2,"3":2,"4":2,"5":2,"6":2,"7":2,"8":2,"9":2,"10":2,"11":2,"12":2,"13":0,"14":2,"15":0,"16":2},"f":{"0":2,"1":2,"2":2},"b":{"0":[0],"1":[0],"2":[2],"3":[2],"4":[2,0],"5":[0]}}
,"/workspaces/fst/backend/src/db/schema/enums.ts": {"path":"/workspaces/fst/backend/src/db/schema/enums.ts","statementMap":{"0":{"start":{"line":1,"column":0},"end":{"line":1,"column":45}},"1":{"start":{"line":3,"column":13},"end":{"line":8,"column":3}},"2":{"start":{"line":10,"column":13},"end":{"line":10,"column":78}}},"fnMap":{},"branchMap":{},"s":{"0":2,"1":2,"2":2},"f":{},"b":{}}
,"/workspaces/fst/backend/src/db/schema/index.ts": {"path":"/workspaces/fst/backend/src/db/schema/index.ts","statementMap":{"0":{"start":{"line":1,"column":0},"end":{"line":1,"column":33}},"1":{"start":{"line":2,"column":0},"end":{"line":2,"column":36}},"2":{"start":{"line":3,"column":0},"end":{"line":3,"column":37}},"3":{"start":{"line":4,"column":0},"end":{"line":4,"column":33}},"4":{"start":{"line":5,"column":0},"end":{"line":5,"column":41}},"5":{"start":{"line":6,"column":0},"end":{"line":6,"column":36}},"6":{"start":{"line":7,"column":0},"end":{"line":7,"column":33}},"7":{"start":{"line":8,"column":0},"end":{"line":8,"column":38}}},"fnMap":{},"branchMap":{},"s":{"0":2,"1":2,"2":2,"3":2,"4":2,"5":2,"6":2,"7":2},"f":{},"b":{}}
,"/workspaces/fst/backend/src/db/schema/policies.ts": {"path":"/workspaces/fst/backend/src/db/schema/policies.ts","statementMap":{"0":{"start":{"line":1,"column":0},"end":{"line":1,"column":68}},"1":{"start":{"line":2,"column":0},"end":{"line":2,"column":63}},"2":{"start":{"line":3,"column":0},"end":{"line":3,"column":null}},"3":{"start":{"line":9,"column":0},"end":{"line":9,"column":40}},"4":{"start":{"line":11,"column":13},"end":{"line":21,"column":3}},"5":{"start":{"line":15,"column":22},"end":{"line":15,"column":34}},"6":{"start":{"line":24,"column":13},"end":{"line":32,"column":3}},"7":{"start":{"line":25,"column":2},"end":{"line":31,"column":4}}},"fnMap":{"0":{"name":"(anonymous_0)","decl":{"start":{"line":15,"column":16},"end":{"line":15,"column":19}},"loc":{"start":{"line":15,"column":22},"end":{"line":15,"column":34}}},"1":{"name":"(anonymous_1)","decl":{"start":{"line":24,"column":53},"end":{"line":24,"column":54}},"loc":{"start":{"line":24,"column":71},"end":{"line":32,"column":1}}}},"branchMap":{},"s":{"0":2,"1":2,"2":2,"3":2,"4":2,"5":0,"6":2,"7":2},"f":{"0":0,"1":2},"b":{}}
,"/workspaces/fst/backend/src/db/schema/resources.ts": {"path":"/workspaces/fst/backend/src/db/schema/resources.ts","statementMap":{"0":{"start":{"line":1,"column":0},"end":{"line":1,"column":62}},"1":{"start":{"line":2,"column":0},"end":{"line":2,"column":63}},"2":{"start":{"line":4,"column":13},"end":{"line":9,"column":3}}},"fnMap":{},"branchMap":{},"s":{"0":2,"1":2,"2":2},"f":{},"b":{}}
,"/workspaces/fst/backend/src/db/schema/role-policies.ts": {"path":"/workspaces/fst/backend/src/db/schema/role-policies.ts","statementMap":{"0":{"start":{"line":1,"column":0},"end":{"line":1,"column":64}},"1":{"start":{"line":2,"column":0},"end":{"line":2,"column":63}},"2":{"start":{"line":3,"column":0},"end":{"line":3,"column":40}},"3":{"start":{"line":4,"column":0},"end":{"line":4,"column":41}},"4":{"start":{"line":5,"column":0},"end":{"line":5,"column":47}},"5":{"start":{"line":7,"column":13},"end":{"line":25,"column":2}},"6":{"start":{"line":12,"column":24},"end":{"line":12,"column":32}},"7":{"start":{"line":15,"column":24},"end":{"line":15,"column":35}},"8":{"start":{"line":19,"column":13},"end":{"line":24,"column":null}},"9":{"start":{"line":28,"column":13},"end":{"line":37,"column":4}},"10":{"start":{"line":28,"column":75},"end":{"line":37,"column":2}}},"fnMap":{"0":{"name":"(anonymous_0)","decl":{"start":{"line":12,"column":18},"end":{"line":12,"column":21}},"loc":{"start":{"line":12,"column":24},"end":{"line":12,"column":32}}},"1":{"name":"(anonymous_1)","decl":{"start":{"line":15,"column":18},"end":{"line":15,"column":21}},"loc":{"start":{"line":15,"column":24},"end":{"line":15,"column":35}}},"2":{"name":"(anonymous_2)","decl":{"start":{"line":19,"column":2},"end":{"line":19,"column":3}},"loc":{"start":{"line":19,"column":13},"end":{"line":24,"column":null}}},"3":{"name":"(anonymous_3)","decl":{"start":{"line":28,"column":61},"end":{"line":28,"column":62}},"loc":{"start":{"line":28,"column":75},"end":{"line":37,"column":2}}}},"branchMap":{},"s":{"0":2,"1":2,"2":2,"3":2,"4":2,"5":2,"6":0,"7":0,"8":2,"9":2,"10":2},"f":{"0":0,"1":0,"2":2,"3":2},"b":{}}
,"/workspaces/fst/backend/src/db/schema/roles.ts": {"path":"/workspaces/fst/backend/src/db/schema/roles.ts","statementMap":{"0":{"start":{"line":1,"column":0},"end":{"line":1,"column":40}},"1":{"start":{"line":2,"column":0},"end":{"line":2,"column":76}},"2":{"start":{"line":3,"column":0},"end":{"line":3,"column":63}},"3":{"start":{"line":4,"column":0},"end":{"line":4,"column":53}},"4":{"start":{"line":6,"column":13},"end":{"line":19,"column":2}},"5":{"start":{"line":15,"column":13},"end":{"line":18,"column":null}},"6":{"start":{"line":22,"column":13},"end":{"line":27,"column":3}},"7":{"start":{"line":23,"column":2},"end":{"line":26,"column":4}}},"fnMap":{"0":{"name":"(anonymous_0)","decl":{"start":{"line":15,"column":2},"end":{"line":15,"column":3}},"loc":{"start":{"line":15,"column":13},"end":{"line":18,"column":null}}},"1":{"name":"(anonymous_1)","decl":{"start":{"line":22,"column":47},"end":{"line":22,"column":48}},"loc":{"start":{"line":22,"column":60},"end":{"line":27,"column":1}}}},"branchMap":{},"s":{"0":2,"1":2,"2":2,"3":2,"4":2,"5":2,"6":2,"7":2},"f":{"0":2,"1":2},"b":{}}
,"/workspaces/fst/backend/src/db/schema/sessions.ts": {"path":"/workspaces/fst/backend/src/db/schema/sessions.ts","statementMap":{"0":{"start":{"line":1,"column":0},"end":{"line":1,"column":40}},"1":{"start":{"line":2,"column":0},"end":{"line":2,"column":72}},"2":{"start":{"line":3,"column":0},"end":{"line":3,"column":41}},"3":{"start":{"line":5,"column":13},"end":{"line":15,"column":3}},"4":{"start":{"line":10,"column":22},"end":{"line":10,"column":30}},"5":{"start":{"line":18,"column":13},"end":{"line":25,"column":3}},"6":{"start":{"line":19,"column":2},"end":{"line":24,"column":4}}},"fnMap":{"0":{"name":"(anonymous_0)","decl":{"start":{"line":10,"column":16},"end":{"line":10,"column":19}},"loc":{"start":{"line":10,"column":22},"end":{"line":10,"column":30}}},"1":{"name":"(anonymous_1)","decl":{"start":{"line":18,"column":53},"end":{"line":18,"column":54}},"loc":{"start":{"line":18,"column":65},"end":{"line":25,"column":1}}}},"branchMap":{},"s":{"0":2,"1":2,"2":2,"3":2,"4":0,"5":2,"6":2},"f":{"0":0,"1":2},"b":{}}
,"/workspaces/fst/backend/src/db/schema/user-roles.ts": {"path":"/workspaces/fst/backend/src/db/schema/user-roles.ts","statementMap":{"0":{"start":{"line":1,"column":0},"end":{"line":1,"column":64}},"1":{"start":{"line":2,"column":0},"end":{"line":2,"column":63}},"2":{"start":{"line":3,"column":0},"end":{"line":3,"column":41}},"3":{"start":{"line":4,"column":0},"end":{"line":4,"column":41}},"4":{"start":{"line":5,"column":0},"end":{"line":5,"column":40}},"5":{"start":{"line":7,"column":13},"end":{"line":25,"column":2}},"6":{"start":{"line":12,"column":24},"end":{"line":12,"column":32}},"7":{"start":{"line":15,"column":24},"end":{"line":15,"column":32}},"8":{"start":{"line":19,"column":13},"end":{"line":24,"column":null}},"9":{"start":{"line":28,"column":13},"end":{"line":37,"column":4}},"10":{"start":{"line":28,"column":69},"end":{"line":37,"column":2}}},"fnMap":{"0":{"name":"(anonymous_0)","decl":{"start":{"line":12,"column":18},"end":{"line":12,"column":21}},"loc":{"start":{"line":12,"column":24},"end":{"line":12,"column":32}}},"1":{"name":"(anonymous_1)","decl":{"start":{"line":15,"column":18},"end":{"line":15,"column":21}},"loc":{"start":{"line":15,"column":24},"end":{"line":15,"column":32}}},"2":{"name":"(anonymous_2)","decl":{"start":{"line":19,"column":2},"end":{"line":19,"column":3}},"loc":{"start":{"line":19,"column":13},"end":{"line":24,"column":null}}},"3":{"name":"(anonymous_3)","decl":{"start":{"line":28,"column":55},"end":{"line":28,"column":56}},"loc":{"start":{"line":28,"column":69},"end":{"line":37,"column":2}}}},"branchMap":{},"s":{"0":2,"1":2,"2":2,"3":2,"4":2,"5":2,"6":0,"7":0,"8":2,"9":2,"10":2},"f":{"0":0,"1":0,"2":2,"3":2},"b":{}}
,"/workspaces/fst/backend/src/db/schema/users.ts": {"path":"/workspaces/fst/backend/src/db/schema/users.ts","statementMap":{"0":{"start":{"line":1,"column":0},"end":{"line":1,"column":40}},"1":{"start":{"line":2,"column":0},"end":{"line":2,"column":76}},"2":{"start":{"line":3,"column":0},"end":{"line":3,"column":63}},"3":{"start":{"line":4,"column":0},"end":{"line":4,"column":50}},"4":{"start":{"line":5,"column":0},"end":{"line":5,"column":47}},"5":{"start":{"line":7,"column":13},"end":{"line":23,"column":2}},"6":{"start":{"line":19,"column":13},"end":{"line":22,"column":null}},"7":{"start":{"line":26,"column":13},"end":{"line":31,"column":3}},"8":{"start":{"line":27,"column":2},"end":{"line":30,"column":4}}},"fnMap":{"0":{"name":"(anonymous_0)","decl":{"start":{"line":19,"column":2},"end":{"line":19,"column":3}},"loc":{"start":{"line":19,"column":13},"end":{"line":22,"column":null}}},"1":{"name":"(anonymous_1)","decl":{"start":{"line":26,"column":47},"end":{"line":26,"column":48}},"loc":{"start":{"line":26,"column":60},"end":{"line":31,"column":1}}}},"branchMap":{},"s":{"0":2,"1":2,"2":2,"3":2,"4":2,"5":2,"6":2,"7":2,"8":2},"f":{"0":2,"1":2},"b":{}}
,"/workspaces/fst/backend/src/docs/swagger-options.ts": {"path":"/workspaces/fst/backend/src/docs/swagger-options.ts","statementMap":{"0":{"start":{"line":3,"column":32},"end":{"line":28,"column":2}},"1":{"start":{"line":30,"column":0},"end":{"line":30,"column":30}}},"fnMap":{},"branchMap":{},"s":{"0":2,"1":2},"f":{},"b":{}}
,"/workspaces/fst/backend/src/middleware/authorization.ts": {"path":"/workspaces/fst/backend/src/middleware/authorization.ts","statementMap":{"0":{"start":{"line":7,"column":0},"end":{"line":7,"column":24}},"1":{"start":{"line":1,"column":0},"end":{"line":1,"column":28}},"2":{"start":{"line":2,"column":0},"end":{"line":2,"column":70}},"3":{"start":{"line":3,"column":0},"end":{"line":3,"column":43}},"4":{"start":{"line":12,"column":2},"end":{"line":78,"column":4}},"5":{"start":{"line":13,"column":4},"end":{"line":77,"column":5}},"6":{"start":{"line":14,"column":19},"end":{"line":14,"column":27}},"7":{"start":{"line":16,"column":6},"end":{"line":19,"column":7}},"8":{"start":{"line":17,"column":8},"end":{"line":17,"column":67}},"9":{"start":{"line":18,"column":8},"end":{"line":18,"column":15}},"10":{"start":{"line":21,"column":17},"end":{"line":36,"column":17}},"11":{"start":{"line":38,"column":34},"end":{"line":50,"column":50}},"12":{"start":{"line":52,"column":6},"end":{"line":54,"column":7}},"13":{"start":{"line":53,"column":8},"end":{"line":53,"column":53}},"14":{"start":{"line":56,"column":46},"end":{"line":56,"column":48}},"15":{"start":{"line":58,"column":6},"end":{"line":68,"column":7}},"16":{"start":{"line":60,"column":8},"end":{"line":63,"column":9}},"17":{"start":{"line":61,"column":10},"end":{"line":61,"column":39}},"18":{"start":{"line":62,"column":10},"end":{"line":62,"column":19}},"19":{"start":{"line":66,"column":8},"end":{"line":66,"column":37}},"20":{"start":{"line":67,"column":8},"end":{"line":67,"column":17}},"21":{"start":{"line":70,"column":6},"end":{"line":72,"column":7}},"22":{"start":{"line":70,"column":39},"end":{"line":70,"column":58}},"23":{"start":{"line":71,"column":8},"end":{"line":71,"column":53}},"24":{"start":{"line":73,"column":6},"end":{"line":73,"column":13}},"25":{"start":{"line":75,"column":6},"end":{"line":75,"column":62}},"26":{"start":{"line":76,"column":6},"end":{"line":76,"column":63}}},"fnMap":{"0":{"name":"permit","decl":{"start":{"line":7,"column":24},"end":{"line":7,"column":30}},"loc":{"start":{"line":9,"column":47},"end":{"line":79,"column":1}}},"1":{"name":"(anonymous_1)","decl":{"start":{"line":12,"column":9},"end":{"line":12,"column":14}},"loc":{"start":{"line":12,"column":67},"end":{"line":78,"column":3}}},"2":{"name":"(anonymous_2)","decl":{"start":{"line":70,"column":25},"end":{"line":70,"column":26}},"loc":{"start":{"line":70,"column":39},"end":{"line":70,"column":58}}}},"branchMap":{"0":{"loc":{"start":{"line":16,"column":6},"end":{"line":19,"column":7}},"type":"if","locations":[{"start":{"line":16,"column":6},"end":{"line":19,"column":7}}]},"1":{"loc":{"start":{"line":52,"column":6},"end":{"line":54,"column":7}},"type":"if","locations":[{"start":{"line":52,"column":6},"end":{"line":54,"column":7}}]},"2":{"loc":{"start":{"line":52,"column":10},"end":{"line":52,"column":66}},"type":"binary-expr","locations":[{"start":{"line":52,"column":10},"end":{"line":52,"column":30}},{"start":{"line":52,"column":34},"end":{"line":52,"column":66}}]},"3":{"loc":{"start":{"line":60,"column":8},"end":{"line":63,"column":9}},"type":"if","locations":[{"start":{"line":60,"column":8},"end":{"line":63,"column":9}}]},"4":{"loc":{"start":{"line":70,"column":6},"end":{"line":72,"column":7}},"type":"if","locations":[{"start":{"line":70,"column":6},"end":{"line":72,"column":7}}]}},"s":{"0":2,"1":2,"2":2,"3":2,"4":10,"5":0,"6":0,"7":0,"8":0,"9":0,"10":0,"11":0,"12":0,"13":0,"14":0,"15":0,"16":0,"17":0,"18":0,"19":0,"20":0,"21":0,"22":0,"23":0,"24":0,"25":0,"26":0},"f":{"0":10,"1":0,"2":0},"b":{"0":[0],"1":[0],"2":[0,0],"3":[0],"4":[0]}}
,"/workspaces/fst/backend/src/services/auth-service/index.ts": {"path":"/workspaces/fst/backend/src/services/auth-service/index.ts","statementMap":{"0":{"start":{"line":12,"column":0},"end":{"line":12,"column":16}},"1":{"start":{"line":2,"column":0},"end":{"line":2,"column":46}},"2":{"start":{"line":3,"column":0},"end":{"line":3,"column":28}},"3":{"start":{"line":4,"column":0},"end":{"line":4,"column":45}},"4":{"start":{"line":5,"column":0},"end":{"line":5,"column":70}},"5":{"start":{"line":6,"column":0},"end":{"line":6,"column":44}},"6":{"start":{"line":7,"column":0},"end":{"line":7,"column":33}},"7":{"start":{"line":8,"column":0},"end":{"line":8,"column":37}},"8":{"start":{"line":9,"column":0},"end":{"line":9,"column":54}},"9":{"start":{"line":10,"column":0},"end":{"line":10,"column":53}},"10":{"start":{"line":13,"column":54},"end":{"line":13,"column":69}},"11":{"start":{"line":14,"column":23},"end":{"line":14,"column":36}},"12":{"start":{"line":17,"column":4},"end":{"line":71,"column":5}},"13":{"start":{"line":18,"column":21},"end":{"line":20,"column":8}},"14":{"start":{"line":21,"column":6},"end":{"line":35,"column":7}},"15":{"start":{"line":22,"column":28},"end":{"line":22,"column":62}},"16":{"start":{"line":23,"column":33},"end":{"line":26,"column":null}},"17":{"start":{"line":25,"column":12},"end":{"line":25,"column":52}},"18":{"start":{"line":28,"column":8},"end":{"line":34,"column":10}},"19":{"start":{"line":38,"column":29},"end":{"line":38,"column":76}},"20":{"start":{"line":40,"column":19},"end":{"line":51,"column":13}},"21":{"start":{"line":52,"column":6},"end":{"line":52,"column":53}},"22":{"start":{"line":52,"column":17},"end":{"line":52,"column":53}},"23":{"start":{"line":54,"column":31},"end":{"line":54,"column":44}},"24":{"start":{"line":55,"column":6},"end":{"line":55,"column":53}},"25":{"start":{"line":56,"column":22},"end":{"line":56,"column":55}},"26":{"start":{"line":58,"column":6},"end":{"line":63,"column":9}},"27":{"start":{"line":64,"column":6},"end":{"line":64,"column":46}},"28":{"start":{"line":66,"column":6},"end":{"line":66,"column":55}},"29":{"start":{"line":67,"column":6},"end":{"line":70,"column":8}},"30":{"start":{"line":75,"column":4},"end":{"line":111,"column":5}},"31":{"start":{"line":76,"column":21},"end":{"line":78,"column":8}},"32":{"start":{"line":80,"column":6},"end":{"line":80,"column":55}},"33":{"start":{"line":80,"column":27},"end":{"line":80,"column":55}},"34":{"start":{"line":82,"column":19},"end":{"line":84,"column":8}},"35":{"start":{"line":86,"column":6},"end":{"line":86,"column":45}},"36":{"start":{"line":86,"column":17},"end":{"line":86,"column":45}},"37":{"start":{"line":88,"column":20},"end":{"line":91,"column":null}},"38":{"start":{"line":94,"column":6},"end":{"line":94,"column":46}},"39":{"start":{"line":94,"column":18},"end":{"line":94,"column":46}},"40":{"start":{"line":96,"column":22},"end":{"line":96,"column":55}},"41":{"start":{"line":98,"column":6},"end":{"line":103,"column":9}},"42":{"start":{"line":104,"column":6},"end":{"line":104,"column":46}},"43":{"start":{"line":106,"column":6},"end":{"line":109,"column":9}},"44":{"start":{"line":110,"column":6},"end":{"line":110,"column":34}},"45":{"start":{"line":115,"column":4},"end":{"line":121,"column":6}},"46":{"start":{"line":125,"column":22},"end":{"line":125,"column":95}},"47":{"start":{"line":127,"column":21},"end":{"line":127,"column":57}},"48":{"start":{"line":128,"column":22},"end":{"line":128,"column":47}},"49":{"start":{"line":129,"column":18},"end":{"line":129,"column":49}},"50":{"start":{"line":130,"column":22},"end":{"line":130,"column":32}},"51":{"start":{"line":131,"column":4},"end":{"line":131,"column":48}},"52":{"start":{"line":133,"column":20},"end":{"line":144,"column":11}},"53":{"start":{"line":146,"column":4},"end":{"line":146,"column":62}},"54":{"start":{"line":146,"column":18},"end":{"line":146,"column":62}},"55":{"start":{"line":147,"column":4},"end":{"line":147,"column":19}},"56":{"start":{"line":150,"column":2},"end":{"line":153,"column":4}}},"fnMap":{"0":{"name":"authService","decl":{"start":{"line":12,"column":16},"end":{"line":12,"column":27}},"loc":{"start":{"line":12,"column":27},"end":{"line":154,"column":1}}},"1":{"name":"signUpUser","decl":{"start":{"line":16,"column":17},"end":{"line":16,"column":27}},"loc":{"start":{"line":16,"column":55},"end":{"line":72,"column":3}}},"2":{"name":"(anonymous_2)","decl":{"start":{"line":24,"column":10},"end":{"line":24,"column":11}},"loc":{"start":{"line":24,"column":30},"end":{"line":26,"column":11}}},"3":{"name":"signInUser","decl":{"start":{"line":74,"column":17},"end":{"line":74,"column":27}},"loc":{"start":{"line":74,"column":55},"end":{"line":112,"column":3}}},"4":{"name":"failedSignInHelper","decl":{"start":{"line":114,"column":11},"end":{"line":114,"column":29}},"loc":{"start":{"line":114,"column":29},"end":{"line":122,"column":3}}},"5":{"name":"createSession","decl":{"start":{"line":124,"column":17},"end":{"line":124,"column":30}},"loc":{"start":{"line":124,"column":59},"end":{"line":148,"column":3}}}},"branchMap":{"0":{"loc":{"start":{"line":21,"column":6},"end":{"line":35,"column":7}},"type":"if","locations":[{"start":{"line":21,"column":6},"end":{"line":35,"column":7}}]},"1":{"loc":{"start":{"line":52,"column":6},"end":{"line":52,"column":53}},"type":"if","locations":[{"start":{"line":52,"column":6},"end":{"line":52,"column":53}}]},"2":{"loc":{"start":{"line":80,"column":6},"end":{"line":80,"column":55}},"type":"if","locations":[{"start":{"line":80,"column":6},"end":{"line":80,"column":55}}]},"3":{"loc":{"start":{"line":86,"column":6},"end":{"line":86,"column":45}},"type":"if","locations":[{"start":{"line":86,"column":6},"end":{"line":86,"column":45}}]},"4":{"loc":{"start":{"line":94,"column":6},"end":{"line":94,"column":46}},"type":"if","locations":[{"start":{"line":94,"column":6},"end":{"line":94,"column":46}}]},"5":{"loc":{"start":{"line":125,"column":25},"end":{"line":125,"column":93}},"type":"binary-expr","locations":[{"start":{"line":125,"column":25},"end":{"line":125,"column":31}},{"start":{"line":125,"column":35},"end":{"line":125,"column":65}},{"start":{"line":125,"column":69},"end":{"line":125,"column":93}}]},"6":{"loc":{"start":{"line":139,"column":21},"end":{"line":139,"column":61}},"type":"cond-expr","locations":[{"start":{"line":139,"column":45},"end":{"line":139,"column":49}},{"start":{"line":139,"column":52},"end":{"line":139,"column":61}}]},"7":{"loc":{"start":{"line":146,"column":4},"end":{"line":146,"column":62}},"type":"if","locations":[{"start":{"line":146,"column":4},"end":{"line":146,"column":62}}]}},"s":{"0":2,"1":2,"2":2,"3":2,"4":2,"5":2,"6":2,"7":2,"8":2,"9":2,"10":2,"11":2,"12":0,"13":0,"14":0,"15":0,"16":0,"17":0,"18":0,"19":0,"20":0,"21":0,"22":0,"23":0,"24":0,"25":0,"26":0,"27":0,"28":0,"29":0,"30":0,"31":0,"32":0,"33":0,"34":0,"35":0,"36":0,"37":0,"38":0,"39":0,"40":0,"41":0,"42":0,"43":0,"44":0,"45":0,"46":0,"47":0,"48":0,"49":0,"50":0,"51":0,"52":0,"53":0,"54":0,"55":0,"56":2},"f":{"0":2,"1":0,"2":0,"3":0,"4":0,"5":0},"b":{"0":[0],"1":[0],"2":[0],"3":[0],"4":[0],"5":[0,0,0],"6":[0,0],"7":[0]}}
,"/workspaces/fst/backend/src/services/policy-service/index.ts": {"path":"/workspaces/fst/backend/src/services/policy-service/index.ts","statementMap":{"0":{"start":{"line":10,"column":0},"end":{"line":10,"column":16}},"1":{"start":{"line":2,"column":0},"end":{"line":2,"column":28}},"2":{"start":{"line":3,"column":0},"end":{"line":3,"column":43}},"3":{"start":{"line":4,"column":0},"end":{"line":4,"column":38}},"4":{"start":{"line":5,"column":0},"end":{"line":5,"column":38}},"5":{"start":{"line":6,"column":0},"end":{"line":6,"column":44}},"6":{"start":{"line":7,"column":0},"end":{"line":7,"column":73}},"7":{"start":{"line":8,"column":0},"end":{"line":8,"column":55}},"8":{"start":{"line":11,"column":23},"end":{"line":11,"column":36}},"9":{"start":{"line":14,"column":4},"end":{"line":35,"column":5}},"10":{"start":{"line":15,"column":19},"end":{"line":15,"column":62}},"11":{"start":{"line":16,"column":20},"end":{"line":16,"column":65}},"12":{"start":{"line":18,"column":20},"end":{"line":18,"column":46}},"13":{"start":{"line":20,"column":22},"end":{"line":25,"column":null}},"14":{"start":{"line":28,"column":6},"end":{"line":28,"column":49}},"15":{"start":{"line":30,"column":6},"end":{"line":30,"column":55}},"16":{"start":{"line":31,"column":6},"end":{"line":34,"column":8}},"17":{"start":{"line":39,"column":4},"end":{"line":53,"column":5}},"18":{"start":{"line":40,"column":21},"end":{"line":40,"column":56}},"19":{"start":{"line":41,"column":6},"end":{"line":43,"column":7}},"20":{"start":{"line":42,"column":8},"end":{"line":42,"column":53}},"21":{"start":{"line":44,"column":21},"end":{"line":44,"column":78}},"22":{"start":{"line":46,"column":6},"end":{"line":46,"column":48}},"23":{"start":{"line":48,"column":6},"end":{"line":48,"column":55}},"24":{"start":{"line":49,"column":6},"end":{"line":52,"column":8}},"25":{"start":{"line":57,"column":4},"end":{"line":79,"column":5}},"26":{"start":{"line":58,"column":21},"end":{"line":60,"column":8}},"27":{"start":{"line":62,"column":6},"end":{"line":67,"column":7}},"28":{"start":{"line":63,"column":8},"end":{"line":66,"column":10}},"29":{"start":{"line":69,"column":6},"end":{"line":72,"column":8}},"30":{"start":{"line":74,"column":6},"end":{"line":74,"column":55}},"31":{"start":{"line":75,"column":6},"end":{"line":78,"column":8}},"32":{"start":{"line":83,"column":4},"end":{"line":148,"column":5}},"33":{"start":{"line":84,"column":44},"end":{"line":84,"column":67}},"34":{"start":{"line":86,"column":6},"end":{"line":91,"column":7}},"35":{"start":{"line":87,"column":8},"end":{"line":90,"column":10}},"36":{"start":{"line":93,"column":21},"end":{"line":93,"column":55}},"37":{"start":{"line":94,"column":6},"end":{"line":96,"column":7}},"38":{"start":{"line":95,"column":8},"end":{"line":95,"column":27}},"39":{"start":{"line":97,"column":23},"end":{"line":97,"column":34}},"40":{"start":{"line":98,"column":22},"end":{"line":98,"column":39}},"41":{"start":{"line":99,"column":6},"end":{"line":112,"column":9}},"42":{"start":{"line":100,"column":8},"end":{"line":111,"column":9}},"43":{"start":{"line":110,"column":10},"end":{"line":110,"column":27}},"44":{"start":{"line":114,"column":6},"end":{"line":116,"column":7}},"45":{"start":{"line":115,"column":8},"end":{"line":115,"column":48}},"46":{"start":{"line":117,"column":72},"end":{"line":120,"column":8}},"47":{"start":{"line":121,"column":6},"end":{"line":131,"column":9}},"48":{"start":{"line":122,"column":8},"end":{"line":130,"column":18}},"49":{"start":{"line":132,"column":22},"end":{"line":138,"column":13}},"50":{"start":{"line":140,"column":6},"end":{"line":140,"column":58}},"51":{"start":{"line":140,"column":20},"end":{"line":140,"column":58}},"52":{"start":{"line":141,"column":6},"end":{"line":141,"column":49}},"53":{"start":{"line":143,"column":6},"end":{"line":143,"column":55}},"54":{"start":{"line":144,"column":6},"end":{"line":147,"column":8}},"55":{"start":{"line":152,"column":4},"end":{"line":164,"column":5}},"56":{"start":{"line":153,"column":19},"end":{"line":153,"column":71}},"57":{"start":{"line":154,"column":6},"end":{"line":157,"column":8}},"58":{"start":{"line":159,"column":6},"end":{"line":159,"column":55}},"59":{"start":{"line":160,"column":6},"end":{"line":163,"column":8}},"60":{"start":{"line":167,"column":2},"end":{"line":173,"column":4}}},"fnMap":{"0":{"name":"policyService","decl":{"start":{"line":10,"column":16},"end":{"line":10,"column":29}},"loc":{"start":{"line":10,"column":29},"end":{"line":174,"column":1}}},"1":{"name":"getPolicies","decl":{"start":{"line":13,"column":17},"end":{"line":13,"column":28}},"loc":{"start":{"line":13,"column":41},"end":{"line":36,"column":3}}},"2":{"name":"createPolicy","decl":{"start":{"line":38,"column":17},"end":{"line":38,"column":29}},"loc":{"start":{"line":38,"column":42},"end":{"line":54,"column":3}}},"3":{"name":"getPolicyById","decl":{"start":{"line":56,"column":17},"end":{"line":56,"column":30}},"loc":{"start":{"line":56,"column":41},"end":{"line":80,"column":3}}},"4":{"name":"updatePolicyById","decl":{"start":{"line":82,"column":17},"end":{"line":82,"column":33}},"loc":{"start":{"line":82,"column":74},"end":{"line":149,"column":3}}},"5":{"name":"(anonymous_5)","decl":{"start":{"line":99,"column":39},"end":{"line":99,"column":40}},"loc":{"start":{"line":99,"column":56},"end":{"line":112,"column":7}}},"6":{"name":"(anonymous_6)","decl":{"start":{"line":121,"column":22},"end":{"line":121,"column":23}},"loc":{"start":{"line":121,"column":36},"end":{"line":131,"column":7}}},"7":{"name":"deletePolicyById","decl":{"start":{"line":151,"column":17},"end":{"line":151,"column":33}},"loc":{"start":{"line":151,"column":44},"end":{"line":165,"column":3}}}},"branchMap":{"0":{"loc":{"start":{"line":15,"column":28},"end":{"line":15,"column":61}},"type":"binary-expr","locations":[{"start":{"line":15,"column":28},"end":{"line":15,"column":54}},{"start":{"line":15,"column":58},"end":{"line":15,"column":61}}]},"1":{"loc":{"start":{"line":16,"column":29},"end":{"line":16,"column":64}},"type":"binary-expr","locations":[{"start":{"line":16,"column":29},"end":{"line":16,"column":56}},{"start":{"line":16,"column":60},"end":{"line":16,"column":64}}]},"2":{"loc":{"start":{"line":41,"column":6},"end":{"line":43,"column":7}},"type":"if","locations":[{"start":{"line":41,"column":6},"end":{"line":43,"column":7}}]},"3":{"loc":{"start":{"line":62,"column":6},"end":{"line":67,"column":7}},"type":"if","locations":[{"start":{"line":62,"column":6},"end":{"line":67,"column":7}}]},"4":{"loc":{"start":{"line":86,"column":6},"end":{"line":91,"column":7}},"type":"if","locations":[{"start":{"line":86,"column":6},"end":{"line":91,"column":7}}]},"5":{"loc":{"start":{"line":94,"column":6},"end":{"line":96,"column":7}},"type":"if","locations":[{"start":{"line":94,"column":6},"end":{"line":96,"column":7}}]},"6":{"loc":{"start":{"line":100,"column":8},"end":{"line":111,"column":9}},"type":"if","locations":[{"start":{"line":100,"column":8},"end":{"line":111,"column":9}}]},"7":{"loc":{"start":{"line":114,"column":6},"end":{"line":116,"column":7}},"type":"if","locations":[{"start":{"line":114,"column":6},"end":{"line":116,"column":7}}]},"8":{"loc":{"start":{"line":123,"column":10},"end":{"line":130,"column":17}},"type":"binary-expr","locations":[{"start":{"line":123,"column":10},"end":{"line":129,"column":null}},{"start":{"line":130,"column":15},"end":{"line":130,"column":17}}]},"9":{"loc":{"start":{"line":140,"column":6},"end":{"line":140,"column":58}},"type":"if","locations":[{"start":{"line":140,"column":6},"end":{"line":140,"column":58}}]}},"s":{"0":2,"1":2,"2":2,"3":2,"4":2,"5":2,"6":2,"7":2,"8":2,"9":0,"10":0,"11":0,"12":0,"13":0,"14":0,"15":0,"16":0,"17":0,"18":0,"19":0,"20":0,"21":0,"22":0,"23":0,"24":0,"25":0,"26":0,"27":0,"28":0,"29":0,"30":0,"31":0,"32":0,"33":0,"34":0,"35":0,"36":0,"37":0,"38":0,"39":0,"40":0,"41":0,"42":0,"43":0,"44":0,"45":0,"46":0,"47":0,"48":0,"49":0,"50":0,"51":0,"52":0,"53":0,"54":0,"55":0,"56":0,"57":0,"58":0,"59":0,"60":2},"f":{"0":2,"1":0,"2":0,"3":0,"4":0,"5":0,"6":0,"7":0},"b":{"0":[0,0],"1":[0,0],"2":[0],"3":[0],"4":[0],"5":[0],"6":[0],"7":[0],"8":[0,0],"9":[0]}}
,"/workspaces/fst/backend/src/services/role-policy-service/index.ts": {"path":"/workspaces/fst/backend/src/services/role-policy-service/index.ts","statementMap":{"0":{"start":{"line":8,"column":0},"end":{"line":8,"column":16}},"1":{"start":{"line":1,"column":0},"end":{"line":1,"column":28}},"2":{"start":{"line":2,"column":0},"end":{"line":2,"column":42}},"3":{"start":{"line":3,"column":0},"end":{"line":3,"column":55}},"4":{"start":{"line":4,"column":0},"end":{"line":4,"column":44}},"5":{"start":{"line":5,"column":0},"end":{"line":5,"column":62}},"6":{"start":{"line":6,"column":0},"end":{"line":6,"column":38}},"7":{"start":{"line":9,"column":23},"end":{"line":9,"column":36}},"8":{"start":{"line":15,"column":4},"end":{"line":32,"column":5}},"9":{"start":{"line":16,"column":21},"end":{"line":16,"column":74}},"10":{"start":{"line":18,"column":6},"end":{"line":20,"column":7}},"11":{"start":{"line":19,"column":8},"end":{"line":19,"column":53}},"12":{"start":{"line":21,"column":25},"end":{"line":24,"column":20}},"13":{"start":{"line":25,"column":6},"end":{"line":25,"column":52}},"14":{"start":{"line":27,"column":6},"end":{"line":27,"column":55}},"15":{"start":{"line":28,"column":6},"end":{"line":31,"column":8}},"16":{"start":{"line":36,"column":4},"end":{"line":56,"column":5}},"17":{"start":{"line":37,"column":19},"end":{"line":43,"column":null}},"18":{"start":{"line":46,"column":6},"end":{"line":49,"column":8}},"19":{"start":{"line":51,"column":6},"end":{"line":51,"column":55}},"20":{"start":{"line":52,"column":6},"end":{"line":55,"column":8}},"21":{"start":{"line":59,"column":2},"end":{"line":59,"column":48}}},"fnMap":{"0":{"name":"rolePolicyService","decl":{"start":{"line":8,"column":16},"end":{"line":8,"column":33}},"loc":{"start":{"line":8,"column":33},"end":{"line":60,"column":1}}},"1":{"name":"createRolePolicy","decl":{"start":{"line":11,"column":17},"end":{"line":11,"column":33}},"loc":{"start":{"line":13,"column":35},"end":{"line":33,"column":3}}},"2":{"name":"deleteRolePolicy","decl":{"start":{"line":35,"column":17},"end":{"line":35,"column":33}},"loc":{"start":{"line":35,"column":66},"end":{"line":57,"column":3}}}},"branchMap":{"0":{"loc":{"start":{"line":18,"column":6},"end":{"line":20,"column":7}},"type":"if","locations":[{"start":{"line":18,"column":6},"end":{"line":20,"column":7}}]}},"s":{"0":2,"1":2,"2":2,"3":2,"4":2,"5":2,"6":2,"7":0,"8":0,"9":0,"10":0,"11":0,"12":0,"13":0,"14":0,"15":0,"16":0,"17":0,"18":0,"19":0,"20":0,"21":0},"f":{"0":0,"1":0,"2":0},"b":{"0":[0]}}
,"/workspaces/fst/backend/src/services/role-service/index.ts": {"path":"/workspaces/fst/backend/src/services/role-service/index.ts","statementMap":{"0":{"start":{"line":10,"column":0},"end":{"line":10,"column":16}},"1":{"start":{"line":2,"column":0},"end":{"line":2,"column":28}},"2":{"start":{"line":3,"column":0},"end":{"line":3,"column":43}},"3":{"start":{"line":4,"column":0},"end":{"line":4,"column":35}},"4":{"start":{"line":5,"column":0},"end":{"line":5,"column":38}},"5":{"start":{"line":6,"column":0},"end":{"line":6,"column":44}},"6":{"start":{"line":7,"column":0},"end":{"line":7,"column":55}},"7":{"start":{"line":8,"column":0},"end":{"line":8,"column":67}},"8":{"start":{"line":11,"column":23},"end":{"line":11,"column":36}},"9":{"start":{"line":14,"column":4},"end":{"line":35,"column":5}},"10":{"start":{"line":15,"column":19},"end":{"line":15,"column":62}},"11":{"start":{"line":16,"column":20},"end":{"line":16,"column":65}},"12":{"start":{"line":18,"column":20},"end":{"line":18,"column":43}},"13":{"start":{"line":20,"column":22},"end":{"line":25,"column":null}},"14":{"start":{"line":28,"column":6},"end":{"line":28,"column":49}},"15":{"start":{"line":30,"column":6},"end":{"line":30,"column":55}},"16":{"start":{"line":31,"column":6},"end":{"line":34,"column":8}},"17":{"start":{"line":39,"column":4},"end":{"line":53,"column":5}},"18":{"start":{"line":40,"column":21},"end":{"line":40,"column":54}},"19":{"start":{"line":41,"column":6},"end":{"line":43,"column":7}},"20":{"start":{"line":42,"column":8},"end":{"line":42,"column":53}},"21":{"start":{"line":44,"column":19},"end":{"line":44,"column":73}},"22":{"start":{"line":46,"column":6},"end":{"line":46,"column":46}},"23":{"start":{"line":48,"column":6},"end":{"line":48,"column":55}},"24":{"start":{"line":49,"column":6},"end":{"line":52,"column":8}},"25":{"start":{"line":57,"column":4},"end":{"line":79,"column":5}},"26":{"start":{"line":58,"column":19},"end":{"line":60,"column":8}},"27":{"start":{"line":62,"column":6},"end":{"line":67,"column":7}},"28":{"start":{"line":63,"column":8},"end":{"line":66,"column":10}},"29":{"start":{"line":69,"column":6},"end":{"line":72,"column":8}},"30":{"start":{"line":74,"column":6},"end":{"line":74,"column":55}},"31":{"start":{"line":75,"column":6},"end":{"line":78,"column":8}},"32":{"start":{"line":83,"column":4},"end":{"line":140,"column":5}},"33":{"start":{"line":84,"column":44},"end":{"line":84,"column":65}},"34":{"start":{"line":86,"column":6},"end":{"line":91,"column":7}},"35":{"start":{"line":87,"column":8},"end":{"line":90,"column":10}},"36":{"start":{"line":93,"column":21},"end":{"line":93,"column":53}},"37":{"start":{"line":94,"column":6},"end":{"line":96,"column":7}},"38":{"start":{"line":95,"column":8},"end":{"line":95,"column":27}},"39":{"start":{"line":97,"column":23},"end":{"line":97,"column":34}},"40":{"start":{"line":98,"column":22},"end":{"line":98,"column":39}},"41":{"start":{"line":99,"column":6},"end":{"line":110,"column":9}},"42":{"start":{"line":100,"column":8},"end":{"line":109,"column":9}},"43":{"start":{"line":108,"column":10},"end":{"line":108,"column":27}},"44":{"start":{"line":112,"column":6},"end":{"line":114,"column":7}},"45":{"start":{"line":113,"column":8},"end":{"line":113,"column":46}},"46":{"start":{"line":115,"column":72},"end":{"line":118,"column":8}},"47":{"start":{"line":119,"column":6},"end":{"line":127,"column":9}},"48":{"start":{"line":120,"column":8},"end":{"line":126,"column":18}},"49":{"start":{"line":128,"column":22},"end":{"line":130,"column":13}},"50":{"start":{"line":132,"column":6},"end":{"line":132,"column":56}},"51":{"start":{"line":132,"column":20},"end":{"line":132,"column":56}},"52":{"start":{"line":133,"column":6},"end":{"line":133,"column":49}},"53":{"start":{"line":135,"column":6},"end":{"line":135,"column":55}},"54":{"start":{"line":136,"column":6},"end":{"line":139,"column":8}},"55":{"start":{"line":144,"column":4},"end":{"line":156,"column":5}},"56":{"start":{"line":145,"column":19},"end":{"line":145,"column":65}},"57":{"start":{"line":146,"column":6},"end":{"line":149,"column":8}},"58":{"start":{"line":151,"column":6},"end":{"line":151,"column":55}},"59":{"start":{"line":152,"column":6},"end":{"line":155,"column":8}},"60":{"start":{"line":159,"column":2},"end":{"line":159,"column":79}}},"fnMap":{"0":{"name":"roleService","decl":{"start":{"line":10,"column":16},"end":{"line":10,"column":27}},"loc":{"start":{"line":10,"column":27},"end":{"line":160,"column":1}}},"1":{"name":"getRoles","decl":{"start":{"line":13,"column":17},"end":{"line":13,"column":25}},"loc":{"start":{"line":13,"column":38},"end":{"line":36,"column":3}}},"2":{"name":"createRole","decl":{"start":{"line":38,"column":17},"end":{"line":38,"column":27}},"loc":{"start":{"line":38,"column":40},"end":{"line":54,"column":3}}},"3":{"name":"getRoleById","decl":{"start":{"line":56,"column":17},"end":{"line":56,"column":28}},"loc":{"start":{"line":56,"column":39},"end":{"line":80,"column":3}}},"4":{"name":"updateRoleById","decl":{"start":{"line":82,"column":17},"end":{"line":82,"column":31}},"loc":{"start":{"line":82,"column":72},"end":{"line":141,"column":3}}},"5":{"name":"(anonymous_5)","decl":{"start":{"line":99,"column":39},"end":{"line":99,"column":40}},"loc":{"start":{"line":99,"column":56},"end":{"line":110,"column":7}}},"6":{"name":"(anonymous_6)","decl":{"start":{"line":119,"column":22},"end":{"line":119,"column":23}},"loc":{"start":{"line":119,"column":36},"end":{"line":127,"column":7}}},"7":{"name":"deleteRoleById","decl":{"start":{"line":143,"column":17},"end":{"line":143,"column":31}},"loc":{"start":{"line":143,"column":42},"end":{"line":157,"column":3}}}},"branchMap":{"0":{"loc":{"start":{"line":15,"column":28},"end":{"line":15,"column":61}},"type":"binary-expr","locations":[{"start":{"line":15,"column":28},"end":{"line":15,"column":54}},{"start":{"line":15,"column":58},"end":{"line":15,"column":61}}]},"1":{"loc":{"start":{"line":16,"column":29},"end":{"line":16,"column":64}},"type":"binary-expr","locations":[{"start":{"line":16,"column":29},"end":{"line":16,"column":56}},{"start":{"line":16,"column":60},"end":{"line":16,"column":64}}]},"2":{"loc":{"start":{"line":41,"column":6},"end":{"line":43,"column":7}},"type":"if","locations":[{"start":{"line":41,"column":6},"end":{"line":43,"column":7}}]},"3":{"loc":{"start":{"line":62,"column":6},"end":{"line":67,"column":7}},"type":"if","locations":[{"start":{"line":62,"column":6},"end":{"line":67,"column":7}}]},"4":{"loc":{"start":{"line":86,"column":6},"end":{"line":91,"column":7}},"type":"if","locations":[{"start":{"line":86,"column":6},"end":{"line":91,"column":7}}]},"5":{"loc":{"start":{"line":94,"column":6},"end":{"line":96,"column":7}},"type":"if","locations":[{"start":{"line":94,"column":6},"end":{"line":96,"column":7}}]},"6":{"loc":{"start":{"line":100,"column":8},"end":{"line":109,"column":9}},"type":"if","locations":[{"start":{"line":100,"column":8},"end":{"line":109,"column":9}}]},"7":{"loc":{"start":{"line":112,"column":6},"end":{"line":114,"column":7}},"type":"if","locations":[{"start":{"line":112,"column":6},"end":{"line":114,"column":7}}]},"8":{"loc":{"start":{"line":121,"column":10},"end":{"line":126,"column":17}},"type":"binary-expr","locations":[{"start":{"line":121,"column":10},"end":{"line":125,"column":null}},{"start":{"line":126,"column":15},"end":{"line":126,"column":17}}]},"9":{"loc":{"start":{"line":132,"column":6},"end":{"line":132,"column":56}},"type":"if","locations":[{"start":{"line":132,"column":6},"end":{"line":132,"column":56}}]}},"s":{"0":2,"1":2,"2":2,"3":2,"4":2,"5":2,"6":2,"7":2,"8":2,"9":2,"10":2,"11":2,"12":2,"13":2,"14":2,"15":0,"16":0,"17":0,"18":0,"19":0,"20":0,"21":0,"22":0,"23":0,"24":0,"25":0,"26":0,"27":0,"28":0,"29":0,"30":0,"31":0,"32":0,"33":0,"34":0,"35":0,"36":0,"37":0,"38":0,"39":0,"40":0,"41":0,"42":0,"43":0,"44":0,"45":0,"46":0,"47":0,"48":0,"49":0,"50":0,"51":0,"52":0,"53":0,"54":0,"55":0,"56":0,"57":0,"58":0,"59":0,"60":2},"f":{"0":2,"1":2,"2":0,"3":0,"4":0,"5":0,"6":0,"7":0},"b":{"0":[2,2],"1":[2,2],"2":[0],"3":[0],"4":[0],"5":[0],"6":[0],"7":[0],"8":[0,0],"9":[0]}}
,"/workspaces/fst/backend/src/services/user-role-service/index.ts": {"path":"/workspaces/fst/backend/src/services/user-role-service/index.ts","statementMap":{"0":{"start":{"line":8,"column":0},"end":{"line":8,"column":16}},"1":{"start":{"line":1,"column":0},"end":{"line":1,"column":28}},"2":{"start":{"line":2,"column":0},"end":{"line":2,"column":39}},"3":{"start":{"line":3,"column":0},"end":{"line":3,"column":55}},"4":{"start":{"line":4,"column":0},"end":{"line":4,"column":44}},"5":{"start":{"line":5,"column":0},"end":{"line":5,"column":59}},"6":{"start":{"line":6,"column":0},"end":{"line":6,"column":38}},"7":{"start":{"line":9,"column":23},"end":{"line":9,"column":36}},"8":{"start":{"line":15,"column":4},"end":{"line":32,"column":5}},"9":{"start":{"line":16,"column":21},"end":{"line":16,"column":69}},"10":{"start":{"line":18,"column":6},"end":{"line":20,"column":7}},"11":{"start":{"line":19,"column":8},"end":{"line":19,"column":53}},"12":{"start":{"line":21,"column":23},"end":{"line":24,"column":20}},"13":{"start":{"line":25,"column":6},"end":{"line":25,"column":50}},"14":{"start":{"line":27,"column":6},"end":{"line":27,"column":55}},"15":{"start":{"line":28,"column":6},"end":{"line":31,"column":8}},"16":{"start":{"line":36,"column":4},"end":{"line":51,"column":5}},"17":{"start":{"line":37,"column":19},"end":{"line":39,"column":79}},"18":{"start":{"line":41,"column":6},"end":{"line":44,"column":8}},"19":{"start":{"line":46,"column":6},"end":{"line":46,"column":55}},"20":{"start":{"line":47,"column":6},"end":{"line":50,"column":8}},"21":{"start":{"line":54,"column":2},"end":{"line":54,"column":44}}},"fnMap":{"0":{"name":"userRoleService","decl":{"start":{"line":8,"column":16},"end":{"line":8,"column":31}},"loc":{"start":{"line":8,"column":31},"end":{"line":55,"column":1}}},"1":{"name":"createUserRole","decl":{"start":{"line":11,"column":17},"end":{"line":11,"column":31}},"loc":{"start":{"line":13,"column":35},"end":{"line":33,"column":3}}},"2":{"name":"deleteUserRole","decl":{"start":{"line":35,"column":17},"end":{"line":35,"column":31}},"loc":{"start":{"line":35,"column":62},"end":{"line":52,"column":3}}}},"branchMap":{"0":{"loc":{"start":{"line":18,"column":6},"end":{"line":20,"column":7}},"type":"if","locations":[{"start":{"line":18,"column":6},"end":{"line":20,"column":7}}]}},"s":{"0":2,"1":2,"2":2,"3":2,"4":2,"5":2,"6":2,"7":0,"8":0,"9":0,"10":0,"11":0,"12":0,"13":0,"14":0,"15":0,"16":0,"17":0,"18":0,"19":0,"20":0,"21":0},"f":{"0":0,"1":0,"2":0},"b":{"0":[0]}}
,"/workspaces/fst/backend/src/services/user-service/index.ts": {"path":"/workspaces/fst/backend/src/services/user-service/index.ts","statementMap":{"0":{"start":{"line":9,"column":0},"end":{"line":9,"column":16}},"1":{"start":{"line":2,"column":0},"end":{"line":2,"column":28}},"2":{"start":{"line":3,"column":0},"end":{"line":3,"column":43}},"3":{"start":{"line":4,"column":0},"end":{"line":4,"column":53}},"4":{"start":{"line":5,"column":0},"end":{"line":5,"column":52}},"5":{"start":{"line":6,"column":0},"end":{"line":6,"column":38}},"6":{"start":{"line":7,"column":0},"end":{"line":7,"column":44}},"7":{"start":{"line":10,"column":23},"end":{"line":10,"column":36}},"8":{"start":{"line":13,"column":4},"end":{"line":34,"column":5}},"9":{"start":{"line":14,"column":19},"end":{"line":14,"column":62}},"10":{"start":{"line":15,"column":20},"end":{"line":15,"column":65}},"11":{"start":{"line":17,"column":20},"end":{"line":17,"column":43}},"12":{"start":{"line":19,"column":22},"end":{"line":24,"column":null}},"13":{"start":{"line":27,"column":6},"end":{"line":27,"column":49}},"14":{"start":{"line":29,"column":6},"end":{"line":29,"column":55}},"15":{"start":{"line":30,"column":6},"end":{"line":33,"column":8}},"16":{"start":{"line":38,"column":4},"end":{"line":60,"column":5}},"17":{"start":{"line":39,"column":19},"end":{"line":41,"column":8}},"18":{"start":{"line":43,"column":6},"end":{"line":48,"column":7}},"19":{"start":{"line":44,"column":8},"end":{"line":47,"column":10}},"20":{"start":{"line":50,"column":6},"end":{"line":53,"column":8}},"21":{"start":{"line":55,"column":6},"end":{"line":55,"column":55}},"22":{"start":{"line":56,"column":6},"end":{"line":59,"column":8}},"23":{"start":{"line":64,"column":4},"end":{"line":123,"column":5}},"24":{"start":{"line":65,"column":44},"end":{"line":65,"column":65}},"25":{"start":{"line":67,"column":6},"end":{"line":72,"column":7}},"26":{"start":{"line":68,"column":8},"end":{"line":71,"column":10}},"27":{"start":{"line":74,"column":21},"end":{"line":74,"column":53}},"28":{"start":{"line":75,"column":6},"end":{"line":77,"column":7}},"29":{"start":{"line":76,"column":8},"end":{"line":76,"column":27}},"30":{"start":{"line":78,"column":23},"end":{"line":78,"column":34}},"31":{"start":{"line":79,"column":22},"end":{"line":79,"column":39}},"32":{"start":{"line":80,"column":6},"end":{"line":92,"column":9}},"33":{"start":{"line":81,"column":8},"end":{"line":91,"column":9}},"34":{"start":{"line":90,"column":10},"end":{"line":90,"column":27}},"35":{"start":{"line":94,"column":6},"end":{"line":96,"column":7}},"36":{"start":{"line":95,"column":8},"end":{"line":95,"column":46}},"37":{"start":{"line":97,"column":72},"end":{"line":100,"column":8}},"38":{"start":{"line":101,"column":6},"end":{"line":110,"column":9}},"39":{"start":{"line":102,"column":8},"end":{"line":109,"column":18}},"40":{"start":{"line":111,"column":22},"end":{"line":113,"column":13}},"41":{"start":{"line":115,"column":6},"end":{"line":115,"column":56}},"42":{"start":{"line":115,"column":20},"end":{"line":115,"column":56}},"43":{"start":{"line":116,"column":6},"end":{"line":116,"column":49}},"44":{"start":{"line":118,"column":6},"end":{"line":118,"column":55}},"45":{"start":{"line":119,"column":6},"end":{"line":122,"column":8}},"46":{"start":{"line":127,"column":4},"end":{"line":139,"column":5}},"47":{"start":{"line":128,"column":19},"end":{"line":128,"column":65}},"48":{"start":{"line":129,"column":6},"end":{"line":132,"column":8}},"49":{"start":{"line":134,"column":6},"end":{"line":134,"column":55}},"50":{"start":{"line":135,"column":6},"end":{"line":138,"column":8}},"51":{"start":{"line":147,"column":25},"end":{"line":149,"column":6}},"52":{"start":{"line":150,"column":4},"end":{"line":159,"column":5}},"53":{"start":{"line":151,"column":6},"end":{"line":154,"column":9}},"54":{"start":{"line":155,"column":6},"end":{"line":158,"column":8}},"55":{"start":{"line":161,"column":21},"end":{"line":169,"column":18}},"56":{"start":{"line":171,"column":4},"end":{"line":174,"column":6}},"57":{"start":{"line":176,"column":2},"end":{"line":182,"column":4}}},"fnMap":{"0":{"name":"userService","decl":{"start":{"line":9,"column":16},"end":{"line":9,"column":27}},"loc":{"start":{"line":9,"column":27},"end":{"line":183,"column":1}}},"1":{"name":"getUsers","decl":{"start":{"line":12,"column":17},"end":{"line":12,"column":25}},"loc":{"start":{"line":12,"column":38},"end":{"line":35,"column":3}}},"2":{"name":"getUserById","decl":{"start":{"line":37,"column":17},"end":{"line":37,"column":28}},"loc":{"start":{"line":37,"column":39},"end":{"line":61,"column":3}}},"3":{"name":"updateUserById","decl":{"start":{"line":63,"column":17},"end":{"line":63,"column":31}},"loc":{"start":{"line":63,"column":72},"end":{"line":124,"column":3}}},"4":{"name":"(anonymous_4)","decl":{"start":{"line":80,"column":39},"end":{"line":80,"column":40}},"loc":{"start":{"line":80,"column":56},"end":{"line":92,"column":7}}},"5":{"name":"(anonymous_5)","decl":{"start":{"line":101,"column":22},"end":{"line":101,"column":23}},"loc":{"start":{"line":101,"column":36},"end":{"line":110,"column":7}}},"6":{"name":"deleteUserById","decl":{"start":{"line":126,"column":17},"end":{"line":126,"column":31}},"loc":{"start":{"line":126,"column":42},"end":{"line":140,"column":3}}},"7":{"name":"assignRoleTo","decl":{"start":{"line":142,"column":17},"end":{"line":142,"column":29}},"loc":{"start":{"line":145,"column":21},"end":{"line":175,"column":3}}}},"branchMap":{"0":{"loc":{"start":{"line":14,"column":28},"end":{"line":14,"column":61}},"type":"binary-expr","locations":[{"start":{"line":14,"column":28},"end":{"line":14,"column":54}},{"start":{"line":14,"column":58},"end":{"line":14,"column":61}}]},"1":{"loc":{"start":{"line":15,"column":29},"end":{"line":15,"column":64}},"type":"binary-expr","locations":[{"start":{"line":15,"column":29},"end":{"line":15,"column":56}},{"start":{"line":15,"column":60},"end":{"line":15,"column":64}}]},"2":{"loc":{"start":{"line":43,"column":6},"end":{"line":48,"column":7}},"type":"if","locations":[{"start":{"line":43,"column":6},"end":{"line":48,"column":7}}]},"3":{"loc":{"start":{"line":67,"column":6},"end":{"line":72,"column":7}},"type":"if","locations":[{"start":{"line":67,"column":6},"end":{"line":72,"column":7}}]},"4":{"loc":{"start":{"line":75,"column":6},"end":{"line":77,"column":7}},"type":"if","locations":[{"start":{"line":75,"column":6},"end":{"line":77,"column":7}}]},"5":{"loc":{"start":{"line":81,"column":8},"end":{"line":91,"column":9}},"type":"if","locations":[{"start":{"line":81,"column":8},"end":{"line":91,"column":9}}]},"6":{"loc":{"start":{"line":94,"column":6},"end":{"line":96,"column":7}},"type":"if","locations":[{"start":{"line":94,"column":6},"end":{"line":96,"column":7}}]},"7":{"loc":{"start":{"line":103,"column":10},"end":{"line":109,"column":17}},"type":"binary-expr","locations":[{"start":{"line":103,"column":10},"end":{"line":108,"column":null}},{"start":{"line":109,"column":15},"end":{"line":109,"column":17}}]},"8":{"loc":{"start":{"line":115,"column":6},"end":{"line":115,"column":56}},"type":"if","locations":[{"start":{"line":115,"column":6},"end":{"line":115,"column":56}}]},"9":{"loc":{"start":{"line":150,"column":4},"end":{"line":159,"column":5}},"type":"if","locations":[{"start":{"line":150,"column":4},"end":{"line":159,"column":5}}]}},"s":{"0":2,"1":2,"2":2,"3":2,"4":2,"5":2,"6":2,"7":2,"8":0,"9":0,"10":0,"11":0,"12":0,"13":0,"14":0,"15":0,"16":0,"17":0,"18":0,"19":0,"20":0,"21":0,"22":0,"23":0,"24":0,"25":0,"26":0,"27":0,"28":0,"29":0,"30":0,"31":0,"32":0,"33":0,"34":0,"35":0,"36":0,"37":0,"38":0,"39":0,"40":0,"41":0,"42":0,"43":0,"44":0,"45":0,"46":0,"47":0,"48":0,"49":0,"50":0,"51":0,"52":0,"53":0,"54":0,"55":0,"56":0,"57":2},"f":{"0":2,"1":0,"2":0,"3":0,"4":0,"5":0,"6":0,"7":0},"b":{"0":[0,0],"1":[0,0],"2":[0],"3":[0],"4":[0],"5":[0],"6":[0],"7":[0,0],"8":[0],"9":[0]}}
,"/workspaces/fst/backend/src/utils/crypto.ts": {"path":"/workspaces/fst/backend/src/utils/crypto.ts","statementMap":{"0":{"start":{"line":4,"column":0},"end":{"line":4,"column":16}},"1":{"start":{"line":1,"column":0},"end":{"line":1,"column":48}},"2":{"start":{"line":2,"column":0},"end":{"line":2,"column":28}},"3":{"start":{"line":6,"column":17},"end":{"line":6,"column":37}},"4":{"start":{"line":7,"column":16},"end":{"line":7,"column":34}},"5":{"start":{"line":8,"column":4},"end":{"line":8,"column":15}},"6":{"start":{"line":12,"column":19},"end":{"line":12,"column":42}},"7":{"start":{"line":13,"column":4},"end":{"line":16,"column":8}},"8":{"start":{"line":14,"column":6},"end":{"line":16,"column":8}},"9":{"start":{"line":17,"column":17},"end":{"line":17,"column":45}},"10":{"start":{"line":18,"column":16},"end":{"line":18,"column":47}},"11":{"start":{"line":19,"column":4},"end":{"line":19,"column":15}},"12":{"start":{"line":26,"column":21},"end":{"line":29,"column":6}},"13":{"start":{"line":30,"column":17},"end":{"line":30,"column":54}},"14":{"start":{"line":31,"column":17},"end":{"line":31,"column":78}},"15":{"start":{"line":32,"column":17},"end":{"line":32,"column":46}},"16":{"start":{"line":33,"column":4},"end":{"line":33,"column":26}},"17":{"start":{"line":41,"column":21},"end":{"line":43,"column":6}},"18":{"start":{"line":45,"column":17},"end":{"line":45,"column":78}},"19":{"start":{"line":47,"column":4},"end":{"line":47,"column":38}},"20":{"start":{"line":49,"column":2},"end":{"line":54,"column":4}}},"fnMap":{"0":{"name":"cryptoService","decl":{"start":{"line":4,"column":16},"end":{"line":4,"column":29}},"loc":{"start":{"line":4,"column":29},"end":{"line":55,"column":1}}},"1":{"name":"createPepperHash","decl":{"start":{"line":5,"column":11},"end":{"line":5,"column":27}},"loc":{"start":{"line":5,"column":27},"end":{"line":9,"column":3}}},"2":{"name":"hashStringWithPepper","decl":{"start":{"line":11,"column":11},"end":{"line":11,"column":31}},"loc":{"start":{"line":11,"column":44},"end":{"line":20,"column":3}}},"3":{"name":"generateSaltAndHash","decl":{"start":{"line":22,"column":17},"end":{"line":22,"column":36}},"loc":{"start":{"line":24,"column":57},"end":{"line":34,"column":3}}},"4":{"name":"compareValueToHash","decl":{"start":{"line":36,"column":17},"end":{"line":36,"column":35}},"loc":{"start":{"line":39,"column":41},"end":{"line":48,"column":3}}}},"branchMap":{"0":{"loc":{"start":{"line":13,"column":4},"end":{"line":16,"column":8}},"type":"if","locations":[{"start":{"line":13,"column":4},"end":{"line":16,"column":8}}]},"1":{"loc":{"start":{"line":27,"column":22},"end":{"line":27,"column":53}},"type":"binary-expr","locations":[{"start":{"line":27,"column":22},"end":{"line":27,"column":45}},{"start":{"line":27,"column":49},"end":{"line":27,"column":53}}]},"2":{"loc":{"start":{"line":28,"column":14},"end":{"line":28,"column":35}},"type":"binary-expr","locations":[{"start":{"line":28,"column":14},"end":{"line":28,"column":29}},{"start":{"line":28,"column":33},"end":{"line":28,"column":35}}]},"3":{"loc":{"start":{"line":31,"column":17},"end":{"line":31,"column":78}},"type":"cond-expr","locations":[{"start":{"line":31,"column":43},"end":{"line":31,"column":70}},{"start":{"line":31,"column":73},"end":{"line":31,"column":78}}]},"4":{"loc":{"start":{"line":42,"column":22},"end":{"line":42,"column":53}},"type":"binary-expr","locations":[{"start":{"line":42,"column":22},"end":{"line":42,"column":45}},{"start":{"line":42,"column":49},"end":{"line":42,"column":53}}]},"5":{"loc":{"start":{"line":45,"column":17},"end":{"line":45,"column":78}},"type":"cond-expr","locations":[{"start":{"line":45,"column":43},"end":{"line":45,"column":70}},{"start":{"line":45,"column":73},"end":{"line":45,"column":78}}]}},"s":{"0":2,"1":2,"2":2,"3":0,"4":0,"5":0,"6":0,"7":0,"8":0,"9":0,"10":0,"11":0,"12":0,"13":0,"14":0,"15":0,"16":0,"17":0,"18":0,"19":0,"20":2},"f":{"0":2,"1":0,"2":0,"3":0,"4":0},"b":{"0":[0],"1":[0,0],"2":[0,0],"3":[0,0],"4":[0,0],"5":[0,0]}}
,"/workspaces/fst/backend/src/utils/error.ts": {"path":"/workspaces/fst/backend/src/utils/error.ts","statementMap":{"0":{"start":{"line":3,"column":0},"end":{"line":3,"column":16}},"1":{"start":{"line":4,"column":22},"end":{"line":4,"column":49}},"2":{"start":{"line":5,"column":27},"end":{"line":8,"column":null}},"3":{"start":{"line":7,"column":6},"end":{"line":7,"column":60}},"4":{"start":{"line":10,"column":2},"end":{"line":16,"column":4}}},"fnMap":{"0":{"name":"parseZodErrorToResponse","decl":{"start":{"line":3,"column":16},"end":{"line":3,"column":39}},"loc":{"start":{"line":3,"column":61},"end":{"line":17,"column":1}}},"1":{"name":"(anonymous_1)","decl":{"start":{"line":6,"column":4},"end":{"line":6,"column":5}},"loc":{"start":{"line":6,"column":24},"end":{"line":8,"column":5}}}},"branchMap":{},"s":{"0":2,"1":0,"2":0,"3":0,"4":0},"f":{"0":0,"1":0},"b":{}}
,"/workspaces/fst/backend/src/utils/logger.ts": {"path":"/workspaces/fst/backend/src/utils/logger.ts","statementMap":{"0":{"start":{"line":6,"column":0},"end":{"line":6,"column":16}},"1":{"start":{"line":8,"column":4},"end":{"line":21,"column":5}},"2":{"start":{"line":10,"column":8},"end":{"line":10,"column":34}},"3":{"start":{"line":11,"column":8},"end":{"line":11,"column":37}},"4":{"start":{"line":12,"column":8},"end":{"line":12,"column":14}},"5":{"start":{"line":14,"column":8},"end":{"line":14,"column":34}},"6":{"start":{"line":15,"column":8},"end":{"line":15,"column":35}},"7":{"start":{"line":16,"column":8},"end":{"line":16,"column":14}},"8":{"start":{"line":18,"column":8},"end":{"line":18,"column":34}},"9":{"start":{"line":19,"column":8},"end":{"line":19,"column":35}},"10":{"start":{"line":20,"column":8},"end":{"line":20,"column":14}},"11":{"start":{"line":24,"column":2},"end":{"line":24,"column":22}}},"fnMap":{"0":{"name":"eventLogger","decl":{"start":{"line":6,"column":16},"end":{"line":6,"column":27}},"loc":{"start":{"line":6,"column":27},"end":{"line":25,"column":1}}},"1":{"name":"logEvent","decl":{"start":{"line":7,"column":11},"end":{"line":7,"column":19}},"loc":{"start":{"line":7,"column":32},"end":{"line":22,"column":3}}}},"branchMap":{"0":{"loc":{"start":{"line":8,"column":4},"end":{"line":21,"column":5}},"type":"switch","locations":[{"start":{"line":9,"column":6},"end":{"line":12,"column":14}},{"start":{"line":13,"column":6},"end":{"line":16,"column":14}},{"start":{"line":17,"column":6},"end":{"line":20,"column":14}}]}},"s":{"0":2,"1":0,"2":0,"3":0,"4":0,"5":0,"6":0,"7":0,"8":0,"9":0,"10":0,"11":14},"f":{"0":14,"1":0},"b":{"0":[0,0,0]}}
,"/workspaces/fst/backend/src/utils/config/api.ts": {"path":"/workspaces/fst/backend/src/utils/config/api.ts","statementMap":{"0":{"start":{"line":1,"column":0},"end":{"line":1,"column":53}},"1":{"start":{"line":2,"column":0},"end":{"line":2,"column":24}},"2":{"start":{"line":3,"column":0},"end":{"line":3,"column":41}},"3":{"start":{"line":4,"column":0},"end":{"line":4,"column":33}},"4":{"start":{"line":6,"column":12},"end":{"line":6,"column":21}},"5":{"start":{"line":7,"column":0},"end":{"line":7,"column":24}},"6":{"start":{"line":8,"column":0},"end":{"line":8,"column":48}},"7":{"start":{"line":9,"column":0},"end":{"line":9,"column":16}},"8":{"start":{"line":10,"column":0},"end":{"line":10,"column":24}},"9":{"start":{"line":13,"column":0},"end":{"line":17,"column":3}},"10":{"start":{"line":15,"column":2},"end":{"line":15,"column":53}},"11":{"start":{"line":16,"column":2},"end":{"line":16,"column":9}},"12":{"start":{"line":18,"column":0},"end":{"line":18,"column":24}},"13":{"start":{"line":20,"column":0},"end":{"line":20,"column":19}}},"fnMap":{"0":{"name":"(anonymous_1)","decl":{"start":{"line":13,"column":13},"end":{"line":13,"column":14}},"loc":{"start":{"line":13,"column":45},"end":{"line":17,"column":1}}}},"branchMap":{},"s":{"0":2,"1":2,"2":2,"3":2,"4":2,"5":2,"6":2,"7":2,"8":2,"9":2,"10":0,"11":0,"12":2,"13":2},"f":{"0":0},"b":{}}
,"/workspaces/fst/backend/src/utils/config/app.config.ts": {"path":"/workspaces/fst/backend/src/utils/config/app.config.ts","statementMap":{"0":{"start":{"line":7,"column":30},"end":{"line":11,"column":2}},"1":{"start":{"line":13,"column":31},"end":{"line":17,"column":2}},"2":{"start":{"line":19,"column":13},"end":{"line":22,"column":18}}},"fnMap":{},"branchMap":{"0":{"loc":{"start":{"line":20,"column":2},"end":{"line":22,"column":17}},"type":"cond-expr","locations":[{"start":{"line":21,"column":6},"end":{"line":21,"column":16}},{"start":{"line":22,"column":6},"end":{"line":22,"column":17}}]},"1":{"loc":{"start":{"line":20,"column":3},"end":{"line":20,"column":54}},"type":"binary-expr","locations":[{"start":{"line":20,"column":3},"end":{"line":20,"column":19}},{"start":{"line":20,"column":23},"end":{"line":20,"column":54}}]}},"s":{"0":2,"1":2,"2":2},"f":{},"b":{"0":[2,0],"1":[2,0]}}
,"/workspaces/fst/backend/src/validators/auth.ts": {"path":"/workspaces/fst/backend/src/validators/auth.ts","statementMap":{"0":{"start":{"line":1,"column":0},"end":{"line":1,"column":24}},"1":{"start":{"line":3,"column":13},"end":{"line":35,"column":5}},"2":{"start":{"line":28,"column":4},"end":{"line":34,"column":5}},"3":{"start":{"line":29,"column":6},"end":{"line":33,"column":9}},"4":{"start":{"line":37,"column":13},"end":{"line":45,"column":3}}},"fnMap":{"0":{"name":"(anonymous_0)","decl":{"start":{"line":27,"column":15},"end":{"line":27,"column":16}},"loc":{"start":{"line":27,"column":54},"end":{"line":35,"column":3}}}},"branchMap":{"0":{"loc":{"start":{"line":28,"column":4},"end":{"line":34,"column":5}},"type":"if","locations":[{"start":{"line":28,"column":4},"end":{"line":34,"column":5}}]}},"s":{"0":2,"1":2,"2":0,"3":0,"4":2},"f":{"0":0},"b":{"0":[0]}}
,"/workspaces/fst/backend/src/validators/policy.ts": {"path":"/workspaces/fst/backend/src/validators/policy.ts","statementMap":{"0":{"start":{"line":1,"column":0},"end":{"line":1,"column":24}},"1":{"start":{"line":2,"column":0},"end":{"line":2,"column":73}},"2":{"start":{"line":4,"column":13},"end":{"line":27,"column":3}},"3":{"start":{"line":12,"column":8},"end":{"line":17,"column":9}},"4":{"start":{"line":13,"column":10},"end":{"line":13,"column":26}},"5":{"start":{"line":14,"column":10},"end":{"line":14,"column":22}},"6":{"start":{"line":16,"column":10},"end":{"line":16,"column":23}},"7":{"start":{"line":29,"column":13},"end":{"line":36,"column":3}},"8":{"start":{"line":38,"column":13},"end":{"line":58,"column":3}},"9":{"start":{"line":45,"column":8},"end":{"line":50,"column":9}},"10":{"start":{"line":46,"column":10},"end":{"line":46,"column":26}},"11":{"start":{"line":47,"column":10},"end":{"line":47,"column":22}},"12":{"start":{"line":49,"column":10},"end":{"line":49,"column":23}}},"fnMap":{"0":{"name":"(anonymous_0)","decl":{"start":{"line":11,"column":6},"end":{"line":11,"column":7}},"loc":{"start":{"line":11,"column":14},"end":{"line":18,"column":7}}},"1":{"name":"(anonymous_1)","decl":{"start":{"line":44,"column":6},"end":{"line":44,"column":7}},"loc":{"start":{"line":44,"column":14},"end":{"line":51,"column":7}}}},"branchMap":{},"s":{"0":2,"1":2,"2":2,"3":0,"4":0,"5":0,"6":0,"7":2,"8":2,"9":0,"10":0,"11":0,"12":0},"f":{"0":0,"1":0},"b":{}}
,"/workspaces/fst/backend/src/validators/role-policy.ts": {"path":"/workspaces/fst/backend/src/validators/role-policy.ts","statementMap":{"0":{"start":{"line":1,"column":0},"end":{"line":1,"column":24}},"1":{"start":{"line":2,"column":0},"end":{"line":2,"column":73}},"2":{"start":{"line":4,"column":13},"end":{"line":9,"column":3}},"3":{"start":{"line":11,"column":13},"end":{"line":16,"column":3}}},"fnMap":{},"branchMap":{},"s":{"0":2,"1":2,"2":2,"3":2},"f":{},"b":{}}
,"/workspaces/fst/backend/src/validators/role.ts": {"path":"/workspaces/fst/backend/src/validators/role.ts","statementMap":{"0":{"start":{"line":1,"column":0},"end":{"line":1,"column":24}},"1":{"start":{"line":2,"column":0},"end":{"line":2,"column":73}},"2":{"start":{"line":4,"column":13},"end":{"line":10,"column":3}},"3":{"start":{"line":12,"column":13},"end":{"line":17,"column":3}},"4":{"start":{"line":19,"column":13},"end":{"line":22,"column":3}}},"fnMap":{},"branchMap":{},"s":{"0":2,"1":2,"2":2,"3":2,"4":2},"f":{},"b":{}}
,"/workspaces/fst/backend/src/validators/user-roles.ts": {"path":"/workspaces/fst/backend/src/validators/user-roles.ts","statementMap":{"0":{"start":{"line":1,"column":0},"end":{"line":1,"column":24}},"1":{"start":{"line":2,"column":0},"end":{"line":2,"column":73}},"2":{"start":{"line":4,"column":13},"end":{"line":9,"column":3}},"3":{"start":{"line":11,"column":13},"end":{"line":16,"column":3}}},"fnMap":{},"branchMap":{},"s":{"0":2,"1":2,"2":2,"3":2},"f":{},"b":{}}
,"/workspaces/fst/backend/src/validators/user.ts": {"path":"/workspaces/fst/backend/src/validators/user.ts","statementMap":{"0":{"start":{"line":1,"column":0},"end":{"line":1,"column":24}},"1":{"start":{"line":2,"column":0},"end":{"line":2,"column":73}},"2":{"start":{"line":4,"column":13},"end":{"line":18,"column":3}},"3":{"start":{"line":20,"column":13},"end":{"line":24,"column":3}}},"fnMap":{},"branchMap":{},"s":{"0":2,"1":2,"2":2,"3":2},"f":{},"b":{}}
,"/workspaces/fst/backend/src/validators/validator.helpers.ts": {"path":"/workspaces/fst/backend/src/validators/validator.helpers.ts","statementMap":{"0":{"start":{"line":1,"column":0},"end":{"line":1,"column":24}},"1":{"start":{"line":3,"column":13},"end":{"line":6,"column":2}},"2":{"start":{"line":8,"column":13},"end":{"line":11,"column":2}}},"fnMap":{},"branchMap":{},"s":{"0":2,"1":2,"2":2},"f":{},"b":{}}
}
