TN:
SF:src/api/routes.ts
FNF:0
FNH:0
DA:1,2
DA:2,2
DA:4,2
DA:6,2
DA:8,2
LF:5
LH:5
BRF:0
BRH:0
end_of_record
TN:
SF:src/api/v1/auth.ts
FN:72,(anonymous_0)
FN:126,(anonymous_1)
FN:181,(anonymous_2)
FNF:3
FNH:0
FNDA:0,(anonymous_0)
FNDA:0,(anonymous_1)
FNDA:0,(anonymous_2)
DA:1,2
DA:7,2
DA:9,2
DA:10,2
DA:72,2
DA:73,0
DA:75,0
DA:76,0
DA:77,0
DA:79,0
DA:80,0
DA:126,2
DA:127,0
DA:129,0
DA:130,0
DA:131,0
DA:133,0
DA:134,0
DA:181,2
DA:182,0
DA:183,0
DA:186,2
LF:22
LH:8
BRDA:75,0,0,0
BRDA:129,1,0,0
BRF:2
BRH:0
end_of_record
TN:
SF:src/api/v1/policies.ts
FN:37,(anonymous_0)
FN:88,(anonymous_1)
FN:128,(anonymous_2)
FN:195,(anonymous_3)
FN:237,(anonymous_4)
FNF:5
FNH:0
FNDA:0,(anonymous_0)
FNDA:0,(anonymous_1)
FNDA:0,(anonymous_2)
FNDA:0,(anonymous_3)
FNDA:0,(anonymous_4)
DA:1,2
DA:2,2
DA:3,2
DA:5,2
DA:6,2
DA:7,2
DA:37,2
DA:38,0
DA:40,0
DA:41,0
DA:42,0
DA:44,0
DA:45,0
DA:88,2
DA:89,0
DA:91,0
DA:92,0
DA:93,0
DA:95,0
DA:96,0
DA:128,2
DA:129,0
DA:130,0
DA:132,0
DA:134,0
DA:135,0
DA:136,0
DA:138,0
DA:139,0
DA:141,0
DA:142,0
DA:195,2
DA:196,0
DA:197,0
DA:198,0
DA:199,0
DA:200,0
DA:201,0
DA:203,0
DA:204,0
DA:206,0
DA:207,0
DA:237,2
DA:238,0
DA:239,0
DA:240,0
DA:241,0
DA:242,0
DA:243,0
DA:245,0
DA:246,0
DA:248,0
DA:249,0
DA:253,2
LF:54
LH:12
BRDA:40,0,0,0
BRDA:91,1,0,0
BRDA:134,2,0,0
BRDA:199,3,0,0
BRDA:241,4,0,0
BRF:5
BRH:0
end_of_record
TN:
SF:src/api/v1/roles.ts
FN:38,(anonymous_0)
FN:89,(anonymous_1)
FN:129,(anonymous_2)
FN:196,(anonymous_3)
FN:238,(anonymous_4)
FN:311,(anonymous_5)
FN:358,(anonymous_6)
FNF:7
FNH:1
FNDA:2,(anonymous_0)
FNDA:0,(anonymous_1)
FNDA:0,(anonymous_2)
FNDA:0,(anonymous_3)
FNDA:0,(anonymous_4)
FNDA:0,(anonymous_5)
FNDA:0,(anonymous_6)
DA:1,2
DA:2,2
DA:3,2
DA:4,2
DA:6,2
DA:7,2
DA:8,2
DA:38,2
DA:39,2
DA:41,2
DA:42,0
DA:43,0
DA:45,2
DA:46,2
DA:89,2
DA:90,0
DA:92,0
DA:93,0
DA:94,0
DA:96,0
DA:97,0
DA:129,2
DA:130,0
DA:131,0
DA:133,0
DA:135,0
DA:136,0
DA:137,0
DA:139,0
DA:140,0
DA:142,0
DA:143,0
DA:196,2
DA:197,0
DA:198,0
DA:199,0
DA:200,0
DA:201,0
DA:202,0
DA:204,0
DA:205,0
DA:207,0
DA:208,0
DA:238,2
DA:239,0
DA:240,0
DA:241,0
DA:242,0
DA:243,0
DA:244,0
DA:246,0
DA:247,0
DA:249,0
DA:250,0
DA:311,2
DA:312,0
DA:313,0
DA:315,0
DA:316,0
DA:317,0
DA:318,0
DA:320,0
DA:321,0
DA:356,2
DA:359,0
DA:360,0
DA:361,0
DA:362,0
DA:364,0
DA:365,0
DA:366,0
DA:367,0
DA:369,0
DA:370,0
DA:372,0
DA:373,0
DA:378,2
LF:77
LH:19
BRDA:41,0,0,0
BRDA:92,1,0,0
BRDA:135,2,0,0
BRDA:200,3,0,0
BRDA:242,4,0,0
BRDA:316,5,0,0
BRDA:365,6,0,0
BRF:7
BRH:0
end_of_record
TN:
SF:src/api/v1/routes.ts
FNF:0
FNH:0
DA:1,2
DA:2,2
DA:3,2
DA:4,2
DA:5,2
DA:6,2
DA:7,2
DA:8,2
DA:9,2
DA:10,2
DA:12,2
DA:15,2
DA:17,2
DA:22,2
DA:23,2
DA:24,2
DA:25,2
DA:26,2
DA:28,2
LF:19
LH:19
BRF:0
BRH:0
end_of_record
TN:
SF:src/api/v1/status.ts
FN:30,(anonymous_0)
FNF:1
FNH:1
FNDA:1,(anonymous_0)
DA:1,2
DA:3,2
DA:30,2
DA:31,1
DA:35,1
DA:38,2
LF:6
LH:6
BRF:0
BRH:0
end_of_record
TN:
SF:src/api/v1/users.ts
FN:42,(anonymous_1)
FN:86,(anonymous_2)
FN:162,(anonymous_3)
FN:205,(anonymous_4)
FN:281,(anonymous_5)
FN:330,(anonymous_6)
FNF:6
FNH:0
FNDA:0,(anonymous_1)
FNDA:0,(anonymous_2)
FNDA:0,(anonymous_3)
FNDA:0,(anonymous_4)
FNDA:0,(anonymous_5)
FNDA:0,(anonymous_6)
DA:1,2
DA:2,2
DA:3,2
DA:4,2
DA:5,2
DA:7,2
DA:8,2
DA:9,2
DA:39,2
DA:43,0
DA:45,0
DA:46,0
DA:47,0
DA:49,0
DA:50,0
DA:83,2
DA:87,0
DA:88,0
DA:90,0
DA:92,0
DA:93,0
DA:94,0
DA:96,0
DA:97,0
DA:99,0
DA:100,0
DA:159,2
DA:163,0
DA:164,0
DA:165,0
DA:166,0
DA:167,0
DA:168,0
DA:170,0
DA:171,0
DA:173,0
DA:174,0
DA:205,2
DA:206,0
DA:207,0
DA:208,0
DA:209,0
DA:210,0
DA:211,0
DA:213,0
DA:214,0
DA:216,0
DA:217,0
DA:278,2
DA:282,0
DA:283,0
DA:285,0
DA:286,0
DA:287,0
DA:288,0
DA:290,0
DA:291,0
DA:327,2
DA:331,0
DA:332,0
DA:333,0
DA:334,0
DA:336,0
DA:337,0
DA:338,0
DA:339,0
DA:341,0
DA:342,0
DA:344,0
DA:345,0
DA:350,2
LF:71
LH:15
BRDA:45,0,0,0
BRDA:92,1,0,0
BRDA:166,2,0,0
BRDA:209,3,0,0
BRDA:286,4,0,0
BRDA:337,5,0,0
BRF:6
BRH:0
end_of_record
TN:
SF:src/db/columns.helpers.ts
FNF:0
FNH:0
DA:1,2
DA:2,2
DA:4,2
DA:9,2
LF:4
LH:4
BRF:0
BRH:0
end_of_record
TN:
SF:src/db/db.ts
FNF:0
FNH:0
DA:1,2
DA:2,2
DA:4,2
DA:5,2
DA:6,2
DA:8,2
DA:9,2
LF:7
LH:7
BRDA:8,0,0,2
BRDA:8,0,1,0
BRF:2
BRH:1
end_of_record
TN:
SF:src/db/utils.ts
FN:9,withPagination
FN:43,generatePreviousPageLink
FN:53,generateNextPageLink
FNF:3
FNH:3
FNDA:2,withPagination
FNDA:2,generatePreviousPageLink
FNDA:2,generateNextPageLink
DA:4,2
DA:7,2
DA:9,2
DA:16,2
DA:17,2
DA:18,2
DA:20,2
DA:22,2
DA:24,2
DA:40,2
DA:49,2
DA:50,0
DA:59,2
DA:60,2
LF:14
LH:13
BRDA:12,0,0,0
BRDA:13,1,0,0
BRDA:20,2,0,2
BRDA:49,3,0,2
BRDA:49,4,0,2
BRDA:49,4,1,0
BRDA:59,5,0,0
BRF:7
BRH:3
end_of_record
TN:
SF:src/db/schema/enums.ts
FNF:0
FNH:0
DA:1,2
DA:3,2
DA:10,2
LF:3
LH:3
BRF:0
BRH:0
end_of_record
TN:
SF:src/db/schema/index.ts
FNF:0
FNH:0
DA:1,2
DA:2,2
DA:3,2
DA:4,2
DA:5,2
DA:6,2
DA:7,2
DA:8,2
LF:8
LH:8
BRF:0
BRH:0
end_of_record
TN:
SF:src/db/schema/policies.ts
FN:15,(anonymous_0)
FN:24,(anonymous_1)
FNF:2
FNH:1
FNDA:0,(anonymous_0)
FNDA:2,(anonymous_1)
DA:1,2
DA:2,2
DA:3,2
DA:9,2
DA:11,2
DA:15,0
DA:24,2
DA:25,2
LF:8
LH:7
BRF:0
BRH:0
end_of_record
TN:
SF:src/db/schema/resources.ts
FNF:0
FNH:0
DA:1,2
DA:2,2
DA:4,2
LF:3
LH:3
BRF:0
BRH:0
end_of_record
TN:
SF:src/db/schema/role-policies.ts
FN:12,(anonymous_0)
FN:15,(anonymous_1)
FN:19,(anonymous_2)
FN:28,(anonymous_3)
FNF:4
FNH:2
FNDA:0,(anonymous_0)
FNDA:0,(anonymous_1)
FNDA:2,(anonymous_2)
FNDA:2,(anonymous_3)
DA:1,2
DA:2,2
DA:3,2
DA:4,2
DA:5,2
DA:7,2
DA:12,0
DA:15,0
DA:19,2
DA:28,2
LF:10
LH:8
BRF:0
BRH:0
end_of_record
TN:
SF:src/db/schema/roles.ts
FN:15,(anonymous_0)
FN:22,(anonymous_1)
FNF:2
FNH:2
FNDA:2,(anonymous_0)
FNDA:2,(anonymous_1)
DA:1,2
DA:2,2
DA:3,2
DA:4,2
DA:6,2
DA:15,2
DA:22,2
DA:23,2
LF:8
LH:8
BRF:0
BRH:0
end_of_record
TN:
SF:src/db/schema/sessions.ts
FN:10,(anonymous_0)
FN:18,(anonymous_1)
FNF:2
FNH:1
FNDA:0,(anonymous_0)
FNDA:2,(anonymous_1)
DA:1,2
DA:2,2
DA:3,2
DA:5,2
DA:10,0
DA:18,2
DA:19,2
LF:7
LH:6
BRF:0
BRH:0
end_of_record
TN:
SF:src/db/schema/user-roles.ts
FN:12,(anonymous_0)
FN:15,(anonymous_1)
FN:19,(anonymous_2)
FN:28,(anonymous_3)
FNF:4
FNH:2
FNDA:0,(anonymous_0)
FNDA:0,(anonymous_1)
FNDA:2,(anonymous_2)
FNDA:2,(anonymous_3)
DA:1,2
DA:2,2
DA:3,2
DA:4,2
DA:5,2
DA:7,2
DA:12,0
DA:15,0
DA:19,2
DA:28,2
LF:10
LH:8
BRF:0
BRH:0
end_of_record
TN:
SF:src/db/schema/users.ts
FN:19,(anonymous_0)
FN:26,(anonymous_1)
FNF:2
FNH:2
FNDA:2,(anonymous_0)
FNDA:2,(anonymous_1)
DA:1,2
DA:2,2
DA:3,2
DA:4,2
DA:5,2
DA:7,2
DA:19,2
DA:26,2
DA:27,2
LF:9
LH:9
BRF:0
BRH:0
end_of_record
TN:
SF:src/docs/swagger-options.ts
FNF:0
FNH:0
DA:3,2
DA:30,2
LF:2
LH:2
BRF:0
BRH:0
end_of_record
TN:
SF:src/middleware/authorization.ts
FN:7,permit
FN:12,(anonymous_1)
FN:70,(anonymous_2)
FNF:3
FNH:1
FNDA:10,permit
FNDA:0,(anonymous_1)
FNDA:0,(anonymous_2)
DA:1,2
DA:2,2
DA:3,2
DA:7,2
DA:12,10
DA:13,0
DA:14,0
DA:16,0
DA:17,0
DA:18,0
DA:21,0
DA:38,0
DA:52,0
DA:53,0
DA:56,0
DA:58,0
DA:60,0
DA:61,0
DA:62,0
DA:66,0
DA:67,0
DA:70,0
DA:71,0
DA:73,0
DA:75,0
DA:76,0
LF:26
LH:5
BRDA:16,0,0,0
BRDA:52,1,0,0
BRDA:52,2,0,0
BRDA:52,2,1,0
BRDA:60,3,0,0
BRDA:70,4,0,0
BRF:6
BRH:0
end_of_record
TN:
SF:src/services/auth-service/index.ts
FN:12,authService
FN:16,signUpUser
FN:24,(anonymous_2)
FN:74,signInUser
FN:114,failedSignInHelper
FN:124,createSession
FNF:6
FNH:1
FNDA:2,authService
FNDA:0,signUpUser
FNDA:0,(anonymous_2)
FNDA:0,signInUser
FNDA:0,failedSignInHelper
FNDA:0,createSession
DA:2,2
DA:3,2
DA:4,2
DA:5,2
DA:6,2
DA:7,2
DA:8,2
DA:9,2
DA:10,2
DA:12,2
DA:13,2
DA:14,2
DA:17,0
DA:18,0
DA:21,0
DA:22,0
DA:23,0
DA:25,0
DA:28,0
DA:38,0
DA:40,0
DA:52,0
DA:54,0
DA:55,0
DA:56,0
DA:58,0
DA:64,0
DA:66,0
DA:67,0
DA:75,0
DA:76,0
DA:80,0
DA:82,0
DA:86,0
DA:88,0
DA:94,0
DA:96,0
DA:98,0
DA:104,0
DA:106,0
DA:110,0
DA:115,0
DA:125,0
DA:127,0
DA:128,0
DA:129,0
DA:130,0
DA:131,0
DA:133,0
DA:146,0
DA:147,0
DA:150,2
LF:52
LH:13
BRDA:21,0,0,0
BRDA:52,1,0,0
BRDA:80,2,0,0
BRDA:86,3,0,0
BRDA:94,4,0,0
BRDA:125,5,0,0
BRDA:125,5,1,0
BRDA:125,5,2,0
BRDA:139,6,0,0
BRDA:139,6,1,0
BRDA:146,7,0,0
BRF:11
BRH:0
end_of_record
TN:
SF:src/services/policy-service/index.ts
FN:10,policyService
FN:13,getPolicies
FN:38,createPolicy
FN:56,getPolicyById
FN:82,updatePolicyById
FN:99,(anonymous_5)
FN:121,(anonymous_6)
FN:151,deletePolicyById
FNF:8
FNH:1
FNDA:2,policyService
FNDA:0,getPolicies
FNDA:0,createPolicy
FNDA:0,getPolicyById
FNDA:0,updatePolicyById
FNDA:0,(anonymous_5)
FNDA:0,(anonymous_6)
FNDA:0,deletePolicyById
DA:2,2
DA:3,2
DA:4,2
DA:5,2
DA:6,2
DA:7,2
DA:8,2
DA:10,2
DA:11,2
DA:14,0
DA:15,0
DA:16,0
DA:18,0
DA:20,0
DA:28,0
DA:30,0
DA:31,0
DA:39,0
DA:40,0
DA:41,0
DA:42,0
DA:44,0
DA:46,0
DA:48,0
DA:49,0
DA:57,0
DA:58,0
DA:62,0
DA:63,0
DA:69,0
DA:74,0
DA:75,0
DA:83,0
DA:84,0
DA:86,0
DA:87,0
DA:93,0
DA:94,0
DA:95,0
DA:97,0
DA:98,0
DA:99,0
DA:100,0
DA:110,0
DA:114,0
DA:115,0
DA:117,0
DA:121,0
DA:122,0
DA:132,0
DA:140,0
DA:141,0
DA:143,0
DA:144,0
DA:152,0
DA:153,0
DA:154,0
DA:159,0
DA:160,0
DA:167,2
LF:60
LH:10
BRDA:15,0,0,0
BRDA:15,0,1,0
BRDA:16,1,0,0
BRDA:16,1,1,0
BRDA:41,2,0,0
BRDA:62,3,0,0
BRDA:86,4,0,0
BRDA:94,5,0,0
BRDA:100,6,0,0
BRDA:114,7,0,0
BRDA:123,8,0,0
BRDA:123,8,1,0
BRDA:140,9,0,0
BRF:13
BRH:0
end_of_record
TN:
SF:src/services/role-policy-service/index.ts
FN:8,rolePolicyService
FN:11,createRolePolicy
FN:35,deleteRolePolicy
FNF:3
FNH:0
FNDA:0,rolePolicyService
FNDA:0,createRolePolicy
FNDA:0,deleteRolePolicy
DA:1,2
DA:2,2
DA:3,2
DA:4,2
DA:5,2
DA:6,2
DA:8,2
DA:9,0
DA:15,0
DA:16,0
DA:18,0
DA:19,0
DA:21,0
DA:25,0
DA:27,0
DA:28,0
DA:36,0
DA:37,0
DA:46,0
DA:51,0
DA:52,0
DA:59,0
LF:22
LH:7
BRDA:18,0,0,0
BRF:1
BRH:0
end_of_record
TN:
SF:src/services/role-service/index.ts
FN:10,roleService
FN:13,getRoles
FN:38,createRole
FN:56,getRoleById
FN:82,updateRoleById
FN:99,(anonymous_5)
FN:119,(anonymous_6)
FN:143,deleteRoleById
FNF:8
FNH:2
FNDA:2,roleService
FNDA:2,getRoles
FNDA:0,createRole
FNDA:0,getRoleById
FNDA:0,updateRoleById
FNDA:0,(anonymous_5)
FNDA:0,(anonymous_6)
FNDA:0,deleteRoleById
DA:2,2
DA:3,2
DA:4,2
DA:5,2
DA:6,2
DA:7,2
DA:8,2
DA:10,2
DA:11,2
DA:14,2
DA:15,2
DA:16,2
DA:18,2
DA:20,2
DA:28,2
DA:30,0
DA:31,0
DA:39,0
DA:40,0
DA:41,0
DA:42,0
DA:44,0
DA:46,0
DA:48,0
DA:49,0
DA:57,0
DA:58,0
DA:62,0
DA:63,0
DA:69,0
DA:74,0
DA:75,0
DA:83,0
DA:84,0
DA:86,0
DA:87,0
DA:93,0
DA:94,0
DA:95,0
DA:97,0
DA:98,0
DA:99,0
DA:100,0
DA:108,0
DA:112,0
DA:113,0
DA:115,0
DA:119,0
DA:120,0
DA:128,0
DA:132,0
DA:133,0
DA:135,0
DA:136,0
DA:144,0
DA:145,0
DA:146,0
DA:151,0
DA:152,0
DA:159,2
LF:60
LH:16
BRDA:15,0,0,2
BRDA:15,0,1,2
BRDA:16,1,0,2
BRDA:16,1,1,2
BRDA:41,2,0,0
BRDA:62,3,0,0
BRDA:86,4,0,0
BRDA:94,5,0,0
BRDA:100,6,0,0
BRDA:112,7,0,0
BRDA:121,8,0,0
BRDA:121,8,1,0
BRDA:132,9,0,0
BRF:13
BRH:4
end_of_record
TN:
SF:src/services/user-role-service/index.ts
FN:8,userRoleService
FN:11,createUserRole
FN:35,deleteUserRole
FNF:3
FNH:0
FNDA:0,userRoleService
FNDA:0,createUserRole
FNDA:0,deleteUserRole
DA:1,2
DA:2,2
DA:3,2
DA:4,2
DA:5,2
DA:6,2
DA:8,2
DA:9,0
DA:15,0
DA:16,0
DA:18,0
DA:19,0
DA:21,0
DA:25,0
DA:27,0
DA:28,0
DA:36,0
DA:37,0
DA:41,0
DA:46,0
DA:47,0
DA:54,0
LF:22
LH:7
BRDA:18,0,0,0
BRF:1
BRH:0
end_of_record
TN:
SF:src/services/user-service/index.ts
FN:9,userService
FN:12,getUsers
FN:37,getUserById
FN:63,updateUserById
FN:80,(anonymous_4)
FN:101,(anonymous_5)
FN:126,deleteUserById
FN:142,assignRoleTo
FNF:8
FNH:1
FNDA:2,userService
FNDA:0,getUsers
FNDA:0,getUserById
FNDA:0,updateUserById
FNDA:0,(anonymous_4)
FNDA:0,(anonymous_5)
FNDA:0,deleteUserById
FNDA:0,assignRoleTo
DA:2,2
DA:3,2
DA:4,2
DA:5,2
DA:6,2
DA:7,2
DA:9,2
DA:10,2
DA:13,0
DA:14,0
DA:15,0
DA:17,0
DA:19,0
DA:27,0
DA:29,0
DA:30,0
DA:38,0
DA:39,0
DA:43,0
DA:44,0
DA:50,0
DA:55,0
DA:56,0
DA:64,0
DA:65,0
DA:67,0
DA:68,0
DA:74,0
DA:75,0
DA:76,0
DA:78,0
DA:79,0
DA:80,0
DA:81,0
DA:90,0
DA:94,0
DA:95,0
DA:97,0
DA:101,0
DA:102,0
DA:111,0
DA:115,0
DA:116,0
DA:118,0
DA:119,0
DA:127,0
DA:128,0
DA:129,0
DA:134,0
DA:135,0
DA:147,0
DA:150,0
DA:151,0
DA:155,0
DA:161,0
DA:171,0
DA:176,2
LF:57
LH:9
BRDA:14,0,0,0
BRDA:14,0,1,0
BRDA:15,1,0,0
BRDA:15,1,1,0
BRDA:43,2,0,0
BRDA:67,3,0,0
BRDA:75,4,0,0
BRDA:81,5,0,0
BRDA:94,6,0,0
BRDA:103,7,0,0
BRDA:103,7,1,0
BRDA:115,8,0,0
BRDA:150,9,0,0
BRF:13
BRH:0
end_of_record
TN:
SF:src/utils/crypto.ts
FN:4,cryptoService
FN:5,createPepperHash
FN:11,hashStringWithPepper
FN:22,generateSaltAndHash
FN:36,compareValueToHash
FNF:5
FNH:1
FNDA:2,cryptoService
FNDA:0,createPepperHash
FNDA:0,hashStringWithPepper
FNDA:0,generateSaltAndHash
FNDA:0,compareValueToHash
DA:1,2
DA:2,2
DA:4,2
DA:6,0
DA:7,0
DA:8,0
DA:12,0
DA:13,0
DA:14,0
DA:17,0
DA:18,0
DA:19,0
DA:26,0
DA:30,0
DA:31,0
DA:32,0
DA:33,0
DA:41,0
DA:45,0
DA:47,0
DA:49,2
LF:21
LH:4
BRDA:13,0,0,0
BRDA:27,1,0,0
BRDA:27,1,1,0
BRDA:28,2,0,0
BRDA:28,2,1,0
BRDA:31,3,0,0
BRDA:31,3,1,0
BRDA:42,4,0,0
BRDA:42,4,1,0
BRDA:45,5,0,0
BRDA:45,5,1,0
BRF:11
BRH:0
end_of_record
TN:
SF:src/utils/error.ts
FN:3,parseZodErrorToResponse
FN:6,(anonymous_1)
FNF:2
FNH:0
FNDA:0,parseZodErrorToResponse
FNDA:0,(anonymous_1)
DA:3,2
DA:4,0
DA:5,0
DA:7,0
DA:10,0
LF:5
LH:1
BRF:0
BRH:0
end_of_record
TN:
SF:src/utils/logger.ts
FN:6,eventLogger
FN:7,logEvent
FNF:2
FNH:1
FNDA:14,eventLogger
FNDA:0,logEvent
DA:6,2
DA:8,0
DA:10,0
DA:11,0
DA:12,0
DA:14,0
DA:15,0
DA:16,0
DA:18,0
DA:19,0
DA:20,0
DA:24,14
LF:12
LH:2
BRDA:8,0,0,0
BRDA:8,0,1,0
BRDA:8,0,2,0
BRF:3
BRH:0
end_of_record
TN:
SF:src/utils/config/api.ts
FN:13,(anonymous_1)
FNF:1
FNH:0
FNDA:0,(anonymous_1)
DA:1,2
DA:2,2
DA:3,2
DA:4,2
DA:6,2
DA:7,2
DA:8,2
DA:9,2
DA:10,2
DA:13,2
DA:15,0
DA:16,0
DA:18,2
DA:20,2
LF:14
LH:12
BRF:0
BRH:0
end_of_record
TN:
SF:src/utils/config/app.config.ts
FNF:0
FNH:0
DA:7,2
DA:13,2
DA:19,2
LF:3
LH:3
BRDA:20,0,0,2
BRDA:20,0,1,0
BRDA:20,1,0,2
BRDA:20,1,1,0
BRF:4
BRH:2
end_of_record
TN:
SF:src/validators/auth.ts
FN:27,(anonymous_0)
FNF:1
FNH:0
FNDA:0,(anonymous_0)
DA:1,2
DA:3,2
DA:28,0
DA:29,0
DA:37,2
LF:5
LH:3
BRDA:28,0,0,0
BRF:1
BRH:0
end_of_record
TN:
SF:src/validators/policy.ts
FN:11,(anonymous_0)
FN:44,(anonymous_1)
FNF:2
FNH:0
FNDA:0,(anonymous_0)
FNDA:0,(anonymous_1)
DA:1,2
DA:2,2
DA:4,2
DA:12,0
DA:13,0
DA:14,0
DA:16,0
DA:29,2
DA:38,2
DA:45,0
DA:46,0
DA:47,0
DA:49,0
LF:13
LH:5
BRF:0
BRH:0
end_of_record
TN:
SF:src/validators/role-policy.ts
FNF:0
FNH:0
DA:1,2
DA:2,2
DA:4,2
DA:11,2
LF:4
LH:4
BRF:0
BRH:0
end_of_record
TN:
SF:src/validators/role.ts
FNF:0
FNH:0
DA:1,2
DA:2,2
DA:4,2
DA:12,2
DA:19,2
LF:5
LH:5
BRF:0
BRH:0
end_of_record
TN:
SF:src/validators/user-roles.ts
FNF:0
FNH:0
DA:1,2
DA:2,2
DA:4,2
DA:11,2
LF:4
LH:4
BRF:0
BRH:0
end_of_record
TN:
SF:src/validators/user.ts
FNF:0
FNH:0
DA:1,2
DA:2,2
DA:4,2
DA:20,2
LF:4
LH:4
BRF:0
BRH:0
end_of_record
TN:
SF:src/validators/validator.helpers.ts
FNF:0
FNH:0
DA:1,2
DA:3,2
DA:8,2
LF:3
LH:3
BRF:0
BRH:0
end_of_record
